15-Mar-2020 16:49:08.652 INFO [Thread-4] org.apache.coyote.AbstractProtocol.pause Pausing ProtocolHandler ["http-nio-8080"]
15-Mar-2020 16:49:08.668 INFO [Thread-4] org.apache.coyote.AbstractProtocol.pause Pausing ProtocolHandler ["ajp-nio-8009"]
15-Mar-2020 16:49:08.677 INFO [Thread-4] org.apache.catalina.core.StandardService.stopInternal Stopping service [Catalina]
15-Mar-2020 16:49:08.767 INFO [Thread-4] org.apache.coyote.AbstractProtocol.stop Stopping ProtocolHandler ["http-nio-8080"]
15-Mar-2020 16:49:08.771 INFO [Thread-4] org.apache.coyote.AbstractProtocol.stop Stopping ProtocolHandler ["ajp-nio-8009"]
15-Mar-2020 16:49:08.776 INFO [Thread-4] org.apache.coyote.AbstractProtocol.destroy Destroying ProtocolHandler ["http-nio-8080"]
15-Mar-2020 16:49:08.776 INFO [Thread-4] org.apache.coyote.AbstractProtocol.destroy Destroying ProtocolHandler ["ajp-nio-8009"]
15-Mar-2020 17:02:13.454 INFO [main] org.apache.catalina.startup.VersionLoggerListener.log Server version name:   Apache Tomcat/9.0.19
15-Mar-2020 17:02:13.458 INFO [main] org.apache.catalina.startup.VersionLoggerListener.log Server built:          Apr 12 2019 14:22:48 UTC
15-Mar-2020 17:02:13.458 INFO [main] org.apache.catalina.startup.VersionLoggerListener.log Server version number: 9.0.19.0
15-Mar-2020 17:02:13.458 INFO [main] org.apache.catalina.startup.VersionLoggerListener.log OS Name:               Mac OS X
15-Mar-2020 17:02:13.459 INFO [main] org.apache.catalina.startup.VersionLoggerListener.log OS Version:            10.14.6
15-Mar-2020 17:02:13.459 INFO [main] org.apache.catalina.startup.VersionLoggerListener.log Architecture:          x86_64
15-Mar-2020 17:02:13.459 INFO [main] org.apache.catalina.startup.VersionLoggerListener.log Java Home:             /Library/Java/JavaVirtualMachines/jdk-11.0.2.jdk/Contents/Home
15-Mar-2020 17:02:13.459 INFO [main] org.apache.catalina.startup.VersionLoggerListener.log JVM Version:           11.0.2+9-LTS
15-Mar-2020 17:02:13.459 INFO [main] org.apache.catalina.startup.VersionLoggerListener.log JVM Vendor:            Oracle Corporation
15-Mar-2020 17:02:13.459 INFO [main] org.apache.catalina.startup.VersionLoggerListener.log CATALINA_BASE:         /Users/admin/Documents/docs/labs/sem4/org/anngudin/lab1-pism/tomcat
15-Mar-2020 17:02:13.459 INFO [main] org.apache.catalina.startup.VersionLoggerListener.log CATALINA_HOME:         /Users/admin/Documents/docs/labs/sem4/org/anngudin/lab1-pism/tomcat
15-Mar-2020 17:02:13.462 INFO [main] org.apache.catalina.startup.VersionLoggerListener.log Command line argument: --add-opens=java.base/java.lang=ALL-UNNAMED
15-Mar-2020 17:02:13.462 INFO [main] org.apache.catalina.startup.VersionLoggerListener.log Command line argument: --add-opens=java.base/java.io=ALL-UNNAMED
15-Mar-2020 17:02:13.465 INFO [main] org.apache.catalina.startup.VersionLoggerListener.log Command line argument: --add-opens=java.rmi/sun.rmi.transport=ALL-UNNAMED
15-Mar-2020 17:02:13.465 INFO [main] org.apache.catalina.startup.VersionLoggerListener.log Command line argument: -Djava.util.logging.config.file=/Users/admin/Documents/docs/labs/sem4/org/anngudin/lab1-pism/tomcat/conf/logging.properties
15-Mar-2020 17:02:13.466 INFO [main] org.apache.catalina.startup.VersionLoggerListener.log Command line argument: -Djava.util.logging.manager=org.apache.juli.ClassLoaderLogManager
15-Mar-2020 17:02:13.466 INFO [main] org.apache.catalina.startup.VersionLoggerListener.log Command line argument: -Djdk.tls.ephemeralDHKeySize=2048
15-Mar-2020 17:02:13.466 INFO [main] org.apache.catalina.startup.VersionLoggerListener.log Command line argument: -Djava.protocol.handler.pkgs=org.apache.catalina.webresources
15-Mar-2020 17:02:13.466 INFO [main] org.apache.catalina.startup.VersionLoggerListener.log Command line argument: -Dorg.apache.catalina.security.SecurityListener.UMASK=0027
15-Mar-2020 17:02:13.467 INFO [main] org.apache.catalina.startup.VersionLoggerListener.log Command line argument: -Dignore.endorsed.dirs=
15-Mar-2020 17:02:13.467 INFO [main] org.apache.catalina.startup.VersionLoggerListener.log Command line argument: -Dcatalina.base=/Users/admin/Documents/docs/labs/sem4/org/anngudin/lab1-pism/tomcat
15-Mar-2020 17:02:13.467 INFO [main] org.apache.catalina.startup.VersionLoggerListener.log Command line argument: -Dcatalina.home=/Users/admin/Documents/docs/labs/sem4/org/anngudin/lab1-pism/tomcat
15-Mar-2020 17:02:13.467 INFO [main] org.apache.catalina.startup.VersionLoggerListener.log Command line argument: -Djava.io.tmpdir=/Users/admin/Documents/docs/labs/sem4/org/anngudin/lab1-pism/tomcat/temp
15-Mar-2020 17:02:13.467 INFO [main] org.apache.catalina.core.AprLifecycleListener.lifecycleEvent The APR based Apache Tomcat Native library which allows optimal performance in production environments was not found on the java.library.path: [/Users/admin/Library/Java/Extensions:/Library/Java/Extensions:/Network/Library/Java/Extensions:/System/Library/Java/Extensions:/usr/lib/java:.]
15-Mar-2020 17:02:13.518 INFO [main] org.apache.coyote.AbstractProtocol.init Initializing ProtocolHandler ["http-nio-8080"]
15-Mar-2020 17:02:13.560 INFO [main] org.apache.coyote.AbstractProtocol.init Initializing ProtocolHandler ["ajp-nio-8009"]
15-Mar-2020 17:02:13.565 INFO [main] org.apache.catalina.startup.Catalina.load Server initialization in [599] milliseconds
15-Mar-2020 17:02:13.627 INFO [main] org.apache.catalina.core.StandardService.startInternal Starting service [Catalina]
15-Mar-2020 17:02:13.627 INFO [main] org.apache.catalina.core.StandardEngine.startInternal Starting Servlet engine: [Apache Tomcat/9.0.19]
15-Mar-2020 17:02:13.636 INFO [main] org.apache.catalina.startup.HostConfig.deployDirectory Установка веб приложения в папку [/Users/admin/Documents/docs/labs/sem4/org/anngudin/lab1-pism/tomcat/webapps/lab6]
15-Mar-2020 17:02:14.923 INFO [main] org.apache.jasper.servlet.TldScanner.scanJars At least one JAR was scanned for TLDs yet contained no TLDs. Enable debug logging for this logger for a complete list of JARs that were scanned but no TLDs were found in them. Skipping unneeded JARs during scanning can improve startup time and JSP compilation time.
15-Mar-2020 17:02:14.977 INFO [main] org.apache.catalina.startup.HostConfig.deployDirectory Deployment of web application directory [/Users/admin/Documents/docs/labs/sem4/org/anngudin/lab1-pism/tomcat/webapps/lab6] has finished in [1 340] ms
15-Mar-2020 17:02:14.977 INFO [main] org.apache.catalina.startup.HostConfig.deployDirectory Установка веб приложения в папку [/Users/admin/Documents/docs/labs/sem4/org/anngudin/lab1-pism/tomcat/webapps/docs]
15-Mar-2020 17:02:15.156 INFO [main] org.apache.jasper.servlet.TldScanner.scanJars At least one JAR was scanned for TLDs yet contained no TLDs. Enable debug logging for this logger for a complete list of JARs that were scanned but no TLDs were found in them. Skipping unneeded JARs during scanning can improve startup time and JSP compilation time.
15-Mar-2020 17:02:15.159 INFO [main] org.apache.catalina.startup.HostConfig.deployDirectory Deployment of web application directory [/Users/admin/Documents/docs/labs/sem4/org/anngudin/lab1-pism/tomcat/webapps/docs] has finished in [181] ms
15-Mar-2020 17:02:15.159 INFO [main] org.apache.catalina.startup.HostConfig.deployDirectory Установка веб приложения в папку [/Users/admin/Documents/docs/labs/sem4/org/anngudin/lab1-pism/tomcat/webapps/manager]
15-Mar-2020 17:02:15.315 INFO [main] org.apache.jasper.servlet.TldScanner.scanJars At least one JAR was scanned for TLDs yet contained no TLDs. Enable debug logging for this logger for a complete list of JARs that were scanned but no TLDs were found in them. Skipping unneeded JARs during scanning can improve startup time and JSP compilation time.
15-Mar-2020 17:02:15.322 INFO [main] org.apache.catalina.startup.HostConfig.deployDirectory Deployment of web application directory [/Users/admin/Documents/docs/labs/sem4/org/anngudin/lab1-pism/tomcat/webapps/manager] has finished in [163] ms
15-Mar-2020 17:02:15.323 INFO [main] org.apache.catalina.startup.HostConfig.deployDirectory Установка веб приложения в папку [/Users/admin/Documents/docs/labs/sem4/org/anngudin/lab1-pism/tomcat/webapps/examples]
15-Mar-2020 17:02:15.577 INFO [main] org.apache.jasper.servlet.TldScanner.scanJars At least one JAR was scanned for TLDs yet contained no TLDs. Enable debug logging for this logger for a complete list of JARs that were scanned but no TLDs were found in them. Skipping unneeded JARs during scanning can improve startup time and JSP compilation time.
15-Mar-2020 17:02:15.595 INFO [main] org.apache.catalina.startup.HostConfig.deployDirectory Deployment of web application directory [/Users/admin/Documents/docs/labs/sem4/org/anngudin/lab1-pism/tomcat/webapps/examples] has finished in [272] ms
15-Mar-2020 17:02:15.596 INFO [main] org.apache.catalina.startup.HostConfig.deployDirectory Установка веб приложения в папку [/Users/admin/Documents/docs/labs/sem4/org/anngudin/lab1-pism/tomcat/webapps/ROOT]
15-Mar-2020 17:02:15.742 INFO [main] org.apache.jasper.servlet.TldScanner.scanJars At least one JAR was scanned for TLDs yet contained no TLDs. Enable debug logging for this logger for a complete list of JARs that were scanned but no TLDs were found in them. Skipping unneeded JARs during scanning can improve startup time and JSP compilation time.
15-Mar-2020 17:02:15.745 INFO [main] org.apache.catalina.startup.HostConfig.deployDirectory Deployment of web application directory [/Users/admin/Documents/docs/labs/sem4/org/anngudin/lab1-pism/tomcat/webapps/ROOT] has finished in [148] ms
15-Mar-2020 17:02:15.745 INFO [main] org.apache.catalina.startup.HostConfig.deployDirectory Установка веб приложения в папку [/Users/admin/Documents/docs/labs/sem4/org/anngudin/lab1-pism/tomcat/webapps/host-manager]
15-Mar-2020 17:02:15.910 INFO [main] org.apache.jasper.servlet.TldScanner.scanJars At least one JAR was scanned for TLDs yet contained no TLDs. Enable debug logging for this logger for a complete list of JARs that were scanned but no TLDs were found in them. Skipping unneeded JARs during scanning can improve startup time and JSP compilation time.
15-Mar-2020 17:02:15.914 INFO [main] org.apache.catalina.startup.HostConfig.deployDirectory Deployment of web application directory [/Users/admin/Documents/docs/labs/sem4/org/anngudin/lab1-pism/tomcat/webapps/host-manager] has finished in [169] ms
15-Mar-2020 17:02:15.919 INFO [main] org.apache.coyote.AbstractProtocol.start Starting ProtocolHandler ["http-nio-8080"]
15-Mar-2020 17:02:15.928 INFO [main] org.apache.coyote.AbstractProtocol.start Starting ProtocolHandler ["ajp-nio-8009"]
15-Mar-2020 17:02:15.932 INFO [main] org.apache.catalina.startup.Catalina.start Server startup in [2 365] milliseconds
15-Mar-2020 17:08:20.736 INFO [Thread-4] org.apache.coyote.AbstractProtocol.pause Pausing ProtocolHandler ["http-nio-8080"]
15-Mar-2020 17:08:20.742 INFO [Thread-4] org.apache.coyote.AbstractProtocol.pause Pausing ProtocolHandler ["ajp-nio-8009"]
15-Mar-2020 17:08:20.748 INFO [Thread-4] org.apache.catalina.core.StandardService.stopInternal Stopping service [Catalina]
15-Mar-2020 17:08:20.796 INFO [Thread-4] org.apache.coyote.AbstractProtocol.stop Stopping ProtocolHandler ["http-nio-8080"]
15-Mar-2020 17:08:20.798 INFO [Thread-4] org.apache.coyote.AbstractProtocol.stop Stopping ProtocolHandler ["ajp-nio-8009"]
15-Mar-2020 17:08:20.801 INFO [Thread-4] org.apache.coyote.AbstractProtocol.destroy Destroying ProtocolHandler ["http-nio-8080"]
15-Mar-2020 17:08:20.802 INFO [Thread-4] org.apache.coyote.AbstractProtocol.destroy Destroying ProtocolHandler ["ajp-nio-8009"]
15-Mar-2020 17:08:25.297 INFO [main] org.apache.catalina.startup.VersionLoggerListener.log Server version name:   Apache Tomcat/9.0.19
15-Mar-2020 17:08:25.301 INFO [main] org.apache.catalina.startup.VersionLoggerListener.log Server built:          Apr 12 2019 14:22:48 UTC
15-Mar-2020 17:08:25.302 INFO [main] org.apache.catalina.startup.VersionLoggerListener.log Server version number: 9.0.19.0
15-Mar-2020 17:08:25.302 INFO [main] org.apache.catalina.startup.VersionLoggerListener.log OS Name:               Mac OS X
15-Mar-2020 17:08:25.302 INFO [main] org.apache.catalina.startup.VersionLoggerListener.log OS Version:            10.14.6
15-Mar-2020 17:08:25.302 INFO [main] org.apache.catalina.startup.VersionLoggerListener.log Architecture:          x86_64
15-Mar-2020 17:08:25.302 INFO [main] org.apache.catalina.startup.VersionLoggerListener.log Java Home:             /Library/Java/JavaVirtualMachines/jdk-11.0.2.jdk/Contents/Home
15-Mar-2020 17:08:25.303 INFO [main] org.apache.catalina.startup.VersionLoggerListener.log JVM Version:           11.0.2+9-LTS
15-Mar-2020 17:08:25.303 INFO [main] org.apache.catalina.startup.VersionLoggerListener.log JVM Vendor:            Oracle Corporation
15-Mar-2020 17:08:25.303 INFO [main] org.apache.catalina.startup.VersionLoggerListener.log CATALINA_BASE:         /Users/admin/Documents/docs/labs/sem4/org/anngudin/lab1-pism/tomcat
15-Mar-2020 17:08:25.303 INFO [main] org.apache.catalina.startup.VersionLoggerListener.log CATALINA_HOME:         /Users/admin/Documents/docs/labs/sem4/org/anngudin/lab1-pism/tomcat
15-Mar-2020 17:08:25.306 INFO [main] org.apache.catalina.startup.VersionLoggerListener.log Command line argument: --add-opens=java.base/java.lang=ALL-UNNAMED
15-Mar-2020 17:08:25.306 INFO [main] org.apache.catalina.startup.VersionLoggerListener.log Command line argument: --add-opens=java.base/java.io=ALL-UNNAMED
15-Mar-2020 17:08:25.306 INFO [main] org.apache.catalina.startup.VersionLoggerListener.log Command line argument: --add-opens=java.rmi/sun.rmi.transport=ALL-UNNAMED
15-Mar-2020 17:08:25.307 INFO [main] org.apache.catalina.startup.VersionLoggerListener.log Command line argument: -Djava.util.logging.config.file=/Users/admin/Documents/docs/labs/sem4/org/anngudin/lab1-pism/tomcat/conf/logging.properties
15-Mar-2020 17:08:25.307 INFO [main] org.apache.catalina.startup.VersionLoggerListener.log Command line argument: -Djava.util.logging.manager=org.apache.juli.ClassLoaderLogManager
15-Mar-2020 17:08:25.307 INFO [main] org.apache.catalina.startup.VersionLoggerListener.log Command line argument: -Djdk.tls.ephemeralDHKeySize=2048
15-Mar-2020 17:08:25.311 INFO [main] org.apache.catalina.startup.VersionLoggerListener.log Command line argument: -Djava.protocol.handler.pkgs=org.apache.catalina.webresources
15-Mar-2020 17:08:25.311 INFO [main] org.apache.catalina.startup.VersionLoggerListener.log Command line argument: -Dorg.apache.catalina.security.SecurityListener.UMASK=0027
15-Mar-2020 17:08:25.311 INFO [main] org.apache.catalina.startup.VersionLoggerListener.log Command line argument: -Dignore.endorsed.dirs=
15-Mar-2020 17:08:25.311 INFO [main] org.apache.catalina.startup.VersionLoggerListener.log Command line argument: -Dcatalina.base=/Users/admin/Documents/docs/labs/sem4/org/anngudin/lab1-pism/tomcat
15-Mar-2020 17:08:25.311 INFO [main] org.apache.catalina.startup.VersionLoggerListener.log Command line argument: -Dcatalina.home=/Users/admin/Documents/docs/labs/sem4/org/anngudin/lab1-pism/tomcat
15-Mar-2020 17:08:25.312 INFO [main] org.apache.catalina.startup.VersionLoggerListener.log Command line argument: -Djava.io.tmpdir=/Users/admin/Documents/docs/labs/sem4/org/anngudin/lab1-pism/tomcat/temp
15-Mar-2020 17:08:25.312 INFO [main] org.apache.catalina.core.AprLifecycleListener.lifecycleEvent The APR based Apache Tomcat Native library which allows optimal performance in production environments was not found on the java.library.path: [/Users/admin/Library/Java/Extensions:/Library/Java/Extensions:/Network/Library/Java/Extensions:/System/Library/Java/Extensions:/usr/lib/java:.]
15-Mar-2020 17:08:25.358 INFO [main] org.apache.coyote.AbstractProtocol.init Initializing ProtocolHandler ["http-nio-8080"]
15-Mar-2020 17:08:25.389 INFO [main] org.apache.coyote.AbstractProtocol.init Initializing ProtocolHandler ["ajp-nio-8009"]
15-Mar-2020 17:08:25.394 INFO [main] org.apache.catalina.startup.Catalina.load Server initialization in [528] milliseconds
15-Mar-2020 17:08:25.444 INFO [main] org.apache.catalina.core.StandardService.startInternal Starting service [Catalina]
15-Mar-2020 17:08:25.445 INFO [main] org.apache.catalina.core.StandardEngine.startInternal Starting Servlet engine: [Apache Tomcat/9.0.19]
15-Mar-2020 17:08:25.451 INFO [main] org.apache.catalina.startup.HostConfig.deployDirectory Установка веб приложения в папку [/Users/admin/Documents/docs/labs/sem4/org/anngudin/lab1-pism/tomcat/webapps/lab6]
15-Mar-2020 17:08:26.320 INFO [main] org.apache.jasper.servlet.TldScanner.scanJars At least one JAR was scanned for TLDs yet contained no TLDs. Enable debug logging for this logger for a complete list of JARs that were scanned but no TLDs were found in them. Skipping unneeded JARs during scanning can improve startup time and JSP compilation time.
15-Mar-2020 17:08:26.378 INFO [main] org.apache.catalina.startup.HostConfig.deployDirectory Deployment of web application directory [/Users/admin/Documents/docs/labs/sem4/org/anngudin/lab1-pism/tomcat/webapps/lab6] has finished in [927] ms
15-Mar-2020 17:08:26.378 INFO [main] org.apache.catalina.startup.HostConfig.deployDirectory Установка веб приложения в папку [/Users/admin/Documents/docs/labs/sem4/org/anngudin/lab1-pism/tomcat/webapps/docs]
15-Mar-2020 17:08:26.517 INFO [main] org.apache.jasper.servlet.TldScanner.scanJars At least one JAR was scanned for TLDs yet contained no TLDs. Enable debug logging for this logger for a complete list of JARs that were scanned but no TLDs were found in them. Skipping unneeded JARs during scanning can improve startup time and JSP compilation time.
15-Mar-2020 17:08:26.520 INFO [main] org.apache.catalina.startup.HostConfig.deployDirectory Deployment of web application directory [/Users/admin/Documents/docs/labs/sem4/org/anngudin/lab1-pism/tomcat/webapps/docs] has finished in [142] ms
15-Mar-2020 17:08:26.521 INFO [main] org.apache.catalina.startup.HostConfig.deployDirectory Установка веб приложения в папку [/Users/admin/Documents/docs/labs/sem4/org/anngudin/lab1-pism/tomcat/webapps/manager]
15-Mar-2020 17:08:26.668 INFO [main] org.apache.jasper.servlet.TldScanner.scanJars At least one JAR was scanned for TLDs yet contained no TLDs. Enable debug logging for this logger for a complete list of JARs that were scanned but no TLDs were found in them. Skipping unneeded JARs during scanning can improve startup time and JSP compilation time.
15-Mar-2020 17:08:26.674 INFO [main] org.apache.catalina.startup.HostConfig.deployDirectory Deployment of web application directory [/Users/admin/Documents/docs/labs/sem4/org/anngudin/lab1-pism/tomcat/webapps/manager] has finished in [153] ms
15-Mar-2020 17:08:26.674 INFO [main] org.apache.catalina.startup.HostConfig.deployDirectory Установка веб приложения в папку [/Users/admin/Documents/docs/labs/sem4/org/anngudin/lab1-pism/tomcat/webapps/examples]
15-Mar-2020 17:08:26.913 INFO [main] org.apache.jasper.servlet.TldScanner.scanJars At least one JAR was scanned for TLDs yet contained no TLDs. Enable debug logging for this logger for a complete list of JARs that were scanned but no TLDs were found in them. Skipping unneeded JARs during scanning can improve startup time and JSP compilation time.
15-Mar-2020 17:08:26.929 INFO [main] org.apache.catalina.startup.HostConfig.deployDirectory Deployment of web application directory [/Users/admin/Documents/docs/labs/sem4/org/anngudin/lab1-pism/tomcat/webapps/examples] has finished in [254] ms
15-Mar-2020 17:08:26.929 INFO [main] org.apache.catalina.startup.HostConfig.deployDirectory Установка веб приложения в папку [/Users/admin/Documents/docs/labs/sem4/org/anngudin/lab1-pism/tomcat/webapps/ROOT]
15-Mar-2020 17:08:27.074 INFO [main] org.apache.jasper.servlet.TldScanner.scanJars At least one JAR was scanned for TLDs yet contained no TLDs. Enable debug logging for this logger for a complete list of JARs that were scanned but no TLDs were found in them. Skipping unneeded JARs during scanning can improve startup time and JSP compilation time.
15-Mar-2020 17:08:27.077 INFO [main] org.apache.catalina.startup.HostConfig.deployDirectory Deployment of web application directory [/Users/admin/Documents/docs/labs/sem4/org/anngudin/lab1-pism/tomcat/webapps/ROOT] has finished in [148] ms
15-Mar-2020 17:08:27.077 INFO [main] org.apache.catalina.startup.HostConfig.deployDirectory Установка веб приложения в папку [/Users/admin/Documents/docs/labs/sem4/org/anngudin/lab1-pism/tomcat/webapps/host-manager]
15-Mar-2020 17:08:27.221 INFO [main] org.apache.jasper.servlet.TldScanner.scanJars At least one JAR was scanned for TLDs yet contained no TLDs. Enable debug logging for this logger for a complete list of JARs that were scanned but no TLDs were found in them. Skipping unneeded JARs during scanning can improve startup time and JSP compilation time.
15-Mar-2020 17:08:27.225 INFO [main] org.apache.catalina.startup.HostConfig.deployDirectory Deployment of web application directory [/Users/admin/Documents/docs/labs/sem4/org/anngudin/lab1-pism/tomcat/webapps/host-manager] has finished in [148] ms
15-Mar-2020 17:08:27.231 INFO [main] org.apache.coyote.AbstractProtocol.start Starting ProtocolHandler ["http-nio-8080"]
15-Mar-2020 17:08:27.239 INFO [main] org.apache.coyote.AbstractProtocol.start Starting ProtocolHandler ["ajp-nio-8009"]
15-Mar-2020 17:08:27.243 INFO [main] org.apache.catalina.startup.Catalina.start Server startup in [1 848] milliseconds
15-Mar-2020 17:09:16.645 INFO [Thread-4] org.apache.coyote.AbstractProtocol.pause Pausing ProtocolHandler ["http-nio-8080"]
15-Mar-2020 17:09:16.651 INFO [Thread-4] org.apache.coyote.AbstractProtocol.pause Pausing ProtocolHandler ["ajp-nio-8009"]
15-Mar-2020 17:09:16.659 INFO [Thread-4] org.apache.catalina.core.StandardService.stopInternal Stopping service [Catalina]
15-Mar-2020 17:09:16.708 INFO [Thread-4] org.apache.coyote.AbstractProtocol.stop Stopping ProtocolHandler ["http-nio-8080"]
15-Mar-2020 17:09:16.711 INFO [Thread-4] org.apache.coyote.AbstractProtocol.stop Stopping ProtocolHandler ["ajp-nio-8009"]
15-Mar-2020 17:09:16.714 INFO [Thread-4] org.apache.coyote.AbstractProtocol.destroy Destroying ProtocolHandler ["http-nio-8080"]
15-Mar-2020 17:09:16.715 INFO [Thread-4] org.apache.coyote.AbstractProtocol.destroy Destroying ProtocolHandler ["ajp-nio-8009"]
