11-Feb-2020 16:25:08.132 INFO [main] org.apache.catalina.startup.VersionLoggerListener.log Server version name:   Apache Tomcat/9.0.19
11-Feb-2020 16:25:08.145 INFO [main] org.apache.catalina.startup.VersionLoggerListener.log Server built:          Apr 12 2019 14:22:48 UTC
11-Feb-2020 16:25:08.145 INFO [main] org.apache.catalina.startup.VersionLoggerListener.log Server version number: 9.0.19.0
11-Feb-2020 16:25:08.145 INFO [main] org.apache.catalina.startup.VersionLoggerListener.log OS Name:               Mac OS X
11-Feb-2020 16:25:08.145 INFO [main] org.apache.catalina.startup.VersionLoggerListener.log OS Version:            10.14.6
11-Feb-2020 16:25:08.146 INFO [main] org.apache.catalina.startup.VersionLoggerListener.log Architecture:          x86_64
11-Feb-2020 16:25:08.146 INFO [main] org.apache.catalina.startup.VersionLoggerListener.log Java Home:             /Library/Java/JavaVirtualMachines/jdk-11.0.2.jdk/Contents/Home
11-Feb-2020 16:25:08.146 INFO [main] org.apache.catalina.startup.VersionLoggerListener.log JVM Version:           11.0.2+9-LTS
11-Feb-2020 16:25:08.146 INFO [main] org.apache.catalina.startup.VersionLoggerListener.log JVM Vendor:            Oracle Corporation
11-Feb-2020 16:25:08.146 INFO [main] org.apache.catalina.startup.VersionLoggerListener.log CATALINA_BASE:         /Users/admin/Documents/docs/labs/sem4/org/anngudin/lab6/tomcat
11-Feb-2020 16:25:08.146 INFO [main] org.apache.catalina.startup.VersionLoggerListener.log CATALINA_HOME:         /Users/admin/Documents/docs/labs/sem4/org/anngudin/lab6/tomcat
11-Feb-2020 16:25:08.149 INFO [main] org.apache.catalina.startup.VersionLoggerListener.log Command line argument: --add-opens=java.base/java.lang=ALL-UNNAMED
11-Feb-2020 16:25:08.149 INFO [main] org.apache.catalina.startup.VersionLoggerListener.log Command line argument: --add-opens=java.base/java.io=ALL-UNNAMED
11-Feb-2020 16:25:08.149 INFO [main] org.apache.catalina.startup.VersionLoggerListener.log Command line argument: --add-opens=java.rmi/sun.rmi.transport=ALL-UNNAMED
11-Feb-2020 16:25:08.149 INFO [main] org.apache.catalina.startup.VersionLoggerListener.log Command line argument: -Djava.util.logging.config.file=/Users/admin/Documents/docs/labs/sem4/org/anngudin/lab6/tomcat/conf/logging.properties
11-Feb-2020 16:25:08.149 INFO [main] org.apache.catalina.startup.VersionLoggerListener.log Command line argument: -Djava.util.logging.manager=org.apache.juli.ClassLoaderLogManager
11-Feb-2020 16:25:08.149 INFO [main] org.apache.catalina.startup.VersionLoggerListener.log Command line argument: -Djdk.tls.ephemeralDHKeySize=2048
11-Feb-2020 16:25:08.149 INFO [main] org.apache.catalina.startup.VersionLoggerListener.log Command line argument: -Djava.protocol.handler.pkgs=org.apache.catalina.webresources
11-Feb-2020 16:25:08.149 INFO [main] org.apache.catalina.startup.VersionLoggerListener.log Command line argument: -Dorg.apache.catalina.security.SecurityListener.UMASK=0027
11-Feb-2020 16:25:08.150 INFO [main] org.apache.catalina.startup.VersionLoggerListener.log Command line argument: -Dignore.endorsed.dirs=
11-Feb-2020 16:25:08.150 INFO [main] org.apache.catalina.startup.VersionLoggerListener.log Command line argument: -Dcatalina.base=/Users/admin/Documents/docs/labs/sem4/org/anngudin/lab6/tomcat
11-Feb-2020 16:25:08.150 INFO [main] org.apache.catalina.startup.VersionLoggerListener.log Command line argument: -Dcatalina.home=/Users/admin/Documents/docs/labs/sem4/org/anngudin/lab6/tomcat
11-Feb-2020 16:25:08.150 INFO [main] org.apache.catalina.startup.VersionLoggerListener.log Command line argument: -Djava.io.tmpdir=/Users/admin/Documents/docs/labs/sem4/org/anngudin/lab6/tomcat/temp
11-Feb-2020 16:25:08.150 INFO [main] org.apache.catalina.core.AprLifecycleListener.lifecycleEvent The APR based Apache Tomcat Native library which allows optimal performance in production environments was not found on the java.library.path: [/Users/admin/Library/Java/Extensions:/Library/Java/Extensions:/Network/Library/Java/Extensions:/System/Library/Java/Extensions:/usr/lib/java:.]
11-Feb-2020 16:25:08.200 INFO [main] org.apache.coyote.AbstractProtocol.init Initializing ProtocolHandler ["http-nio-8080"]
11-Feb-2020 16:25:08.246 INFO [main] org.apache.coyote.AbstractProtocol.init Initializing ProtocolHandler ["ajp-nio-8009"]
11-Feb-2020 16:25:08.249 INFO [main] org.apache.catalina.startup.Catalina.load Server initialization in [995] milliseconds
11-Feb-2020 16:25:08.314 INFO [main] org.apache.catalina.core.StandardService.startInternal Starting service [Catalina]
11-Feb-2020 16:25:08.314 INFO [main] org.apache.catalina.core.StandardEngine.startInternal Starting Servlet engine: [Apache Tomcat/9.0.19]
11-Feb-2020 16:25:08.323 INFO [main] org.apache.catalina.startup.HostConfig.deployDirectory Установка веб приложения в папку [/Users/admin/Documents/docs/labs/sem4/org/anngudin/lab6/tomcat/webapps/lab6]
11-Feb-2020 16:25:09.244 INFO [main] org.apache.jasper.servlet.TldScanner.scanJars At least one JAR was scanned for TLDs yet contained no TLDs. Enable debug logging for this logger for a complete list of JARs that were scanned but no TLDs were found in them. Skipping unneeded JARs during scanning can improve startup time and JSP compilation time.
11-Feb-2020 16:25:09.302 INFO [main] org.apache.catalina.startup.HostConfig.deployDirectory Deployment of web application directory [/Users/admin/Documents/docs/labs/sem4/org/anngudin/lab6/tomcat/webapps/lab6] has finished in [980] ms
11-Feb-2020 16:25:09.302 INFO [main] org.apache.catalina.startup.HostConfig.deployDirectory Установка веб приложения в папку [/Users/admin/Documents/docs/labs/sem4/org/anngudin/lab6/tomcat/webapps/docs]
11-Feb-2020 16:25:09.455 INFO [main] org.apache.jasper.servlet.TldScanner.scanJars At least one JAR was scanned for TLDs yet contained no TLDs. Enable debug logging for this logger for a complete list of JARs that were scanned but no TLDs were found in them. Skipping unneeded JARs during scanning can improve startup time and JSP compilation time.
11-Feb-2020 16:25:09.458 INFO [main] org.apache.catalina.startup.HostConfig.deployDirectory Deployment of web application directory [/Users/admin/Documents/docs/labs/sem4/org/anngudin/lab6/tomcat/webapps/docs] has finished in [156] ms
11-Feb-2020 16:25:09.458 INFO [main] org.apache.catalina.startup.HostConfig.deployDirectory Установка веб приложения в папку [/Users/admin/Documents/docs/labs/sem4/org/anngudin/lab6/tomcat/webapps/manager]
11-Feb-2020 16:25:09.916 INFO [main] org.apache.jasper.servlet.TldScanner.scanJars At least one JAR was scanned for TLDs yet contained no TLDs. Enable debug logging for this logger for a complete list of JARs that were scanned but no TLDs were found in them. Skipping unneeded JARs during scanning can improve startup time and JSP compilation time.
11-Feb-2020 16:25:09.922 INFO [main] org.apache.catalina.startup.HostConfig.deployDirectory Deployment of web application directory [/Users/admin/Documents/docs/labs/sem4/org/anngudin/lab6/tomcat/webapps/manager] has finished in [464] ms
11-Feb-2020 16:25:09.923 INFO [main] org.apache.catalina.startup.HostConfig.deployDirectory Установка веб приложения в папку [/Users/admin/Documents/docs/labs/sem4/org/anngudin/lab6/tomcat/webapps/examples]
11-Feb-2020 16:25:10.183 INFO [main] org.apache.jasper.servlet.TldScanner.scanJars At least one JAR was scanned for TLDs yet contained no TLDs. Enable debug logging for this logger for a complete list of JARs that were scanned but no TLDs were found in them. Skipping unneeded JARs during scanning can improve startup time and JSP compilation time.
11-Feb-2020 16:25:10.199 INFO [main] org.apache.catalina.startup.HostConfig.deployDirectory Deployment of web application directory [/Users/admin/Documents/docs/labs/sem4/org/anngudin/lab6/tomcat/webapps/examples] has finished in [276] ms
11-Feb-2020 16:25:10.200 INFO [main] org.apache.catalina.startup.HostConfig.deployDirectory Установка веб приложения в папку [/Users/admin/Documents/docs/labs/sem4/org/anngudin/lab6/tomcat/webapps/ROOT]
11-Feb-2020 16:25:10.339 INFO [main] org.apache.jasper.servlet.TldScanner.scanJars At least one JAR was scanned for TLDs yet contained no TLDs. Enable debug logging for this logger for a complete list of JARs that were scanned but no TLDs were found in them. Skipping unneeded JARs during scanning can improve startup time and JSP compilation time.
11-Feb-2020 16:25:10.341 INFO [main] org.apache.catalina.startup.HostConfig.deployDirectory Deployment of web application directory [/Users/admin/Documents/docs/labs/sem4/org/anngudin/lab6/tomcat/webapps/ROOT] has finished in [141] ms
11-Feb-2020 16:25:10.342 INFO [main] org.apache.catalina.startup.HostConfig.deployDirectory Установка веб приложения в папку [/Users/admin/Documents/docs/labs/sem4/org/anngudin/lab6/tomcat/webapps/host-manager]
11-Feb-2020 16:25:10.478 INFO [main] org.apache.jasper.servlet.TldScanner.scanJars At least one JAR was scanned for TLDs yet contained no TLDs. Enable debug logging for this logger for a complete list of JARs that were scanned but no TLDs were found in them. Skipping unneeded JARs during scanning can improve startup time and JSP compilation time.
11-Feb-2020 16:25:10.481 INFO [main] org.apache.catalina.startup.HostConfig.deployDirectory Deployment of web application directory [/Users/admin/Documents/docs/labs/sem4/org/anngudin/lab6/tomcat/webapps/host-manager] has finished in [139] ms
11-Feb-2020 16:25:10.486 INFO [main] org.apache.coyote.AbstractProtocol.start Starting ProtocolHandler ["http-nio-8080"]
11-Feb-2020 16:25:10.495 INFO [main] org.apache.coyote.AbstractProtocol.start Starting ProtocolHandler ["ajp-nio-8009"]
11-Feb-2020 16:25:10.500 INFO [main] org.apache.catalina.startup.Catalina.start Server startup in [2 250] milliseconds
11-Feb-2020 16:42:34.878 INFO [Thread-4] org.apache.coyote.AbstractProtocol.pause Pausing ProtocolHandler ["http-nio-8080"]
11-Feb-2020 16:42:34.880 INFO [Thread-4] org.apache.coyote.AbstractProtocol.pause Pausing ProtocolHandler ["ajp-nio-8009"]
11-Feb-2020 16:42:34.888 INFO [Thread-4] org.apache.catalina.core.StandardService.stopInternal Stopping service [Catalina]
11-Feb-2020 16:42:34.898 WARNING [Thread-4] org.apache.catalina.loader.WebappClassLoaderBase.clearReferencesJdbc The web application [lab6] registered the JDBC driver [org.postgresql.Driver] but failed to unregister it when the web application was stopped. To prevent a memory leak, the JDBC Driver has been forcibly unregistered.
11-Feb-2020 16:42:34.899 WARNING [Thread-4] org.apache.catalina.loader.WebappClassLoaderBase.clearReferencesJdbc The web application [lab6] registered the JDBC driver [org.postgresql.Driver] but failed to unregister it when the web application was stopped. To prevent a memory leak, the JDBC Driver has been forcibly unregistered.
11-Feb-2020 16:42:34.935 INFO [Thread-4] org.apache.coyote.AbstractProtocol.stop Stopping ProtocolHandler ["http-nio-8080"]
11-Feb-2020 16:42:34.939 INFO [Thread-4] org.apache.coyote.AbstractProtocol.stop Stopping ProtocolHandler ["ajp-nio-8009"]
11-Feb-2020 16:42:34.941 INFO [Thread-4] org.apache.coyote.AbstractProtocol.destroy Destroying ProtocolHandler ["http-nio-8080"]
11-Feb-2020 16:42:34.942 INFO [Thread-4] org.apache.coyote.AbstractProtocol.destroy Destroying ProtocolHandler ["ajp-nio-8009"]
