07-May-2020 20:32:18.056 INFO [main] org.apache.catalina.startup.VersionLoggerListener.log Server version name:   Apache Tomcat/9.0.19
07-May-2020 20:32:18.060 INFO [main] org.apache.catalina.startup.VersionLoggerListener.log Server built:          Apr 12 2019 14:22:48 UTC
07-May-2020 20:32:18.060 INFO [main] org.apache.catalina.startup.VersionLoggerListener.log Server version number: 9.0.19.0
07-May-2020 20:32:18.060 INFO [main] org.apache.catalina.startup.VersionLoggerListener.log OS Name:               Mac OS X
07-May-2020 20:32:18.061 INFO [main] org.apache.catalina.startup.VersionLoggerListener.log OS Version:            10.14.6
07-May-2020 20:32:18.061 INFO [main] org.apache.catalina.startup.VersionLoggerListener.log Architecture:          x86_64
07-May-2020 20:32:18.061 INFO [main] org.apache.catalina.startup.VersionLoggerListener.log Java Home:             /Library/Java/JavaVirtualMachines/jdk-11.0.2.jdk/Contents/Home
07-May-2020 20:32:18.061 INFO [main] org.apache.catalina.startup.VersionLoggerListener.log JVM Version:           11.0.2+9-LTS
07-May-2020 20:32:18.062 INFO [main] org.apache.catalina.startup.VersionLoggerListener.log JVM Vendor:            Oracle Corporation
07-May-2020 20:32:18.062 INFO [main] org.apache.catalina.startup.VersionLoggerListener.log CATALINA_BASE:         /Users/admin/Documents/docs/labs/sem4/org/anngudin/lab1-pism/tomcat
07-May-2020 20:32:18.062 INFO [main] org.apache.catalina.startup.VersionLoggerListener.log CATALINA_HOME:         /Users/admin/Documents/docs/labs/sem4/org/anngudin/lab1-pism/tomcat
07-May-2020 20:32:18.065 INFO [main] org.apache.catalina.startup.VersionLoggerListener.log Command line argument: --add-opens=java.base/java.lang=ALL-UNNAMED
07-May-2020 20:32:18.065 INFO [main] org.apache.catalina.startup.VersionLoggerListener.log Command line argument: --add-opens=java.base/java.io=ALL-UNNAMED
07-May-2020 20:32:18.066 INFO [main] org.apache.catalina.startup.VersionLoggerListener.log Command line argument: --add-opens=java.rmi/sun.rmi.transport=ALL-UNNAMED
07-May-2020 20:32:18.066 INFO [main] org.apache.catalina.startup.VersionLoggerListener.log Command line argument: -Djava.util.logging.config.file=/Users/admin/Documents/docs/labs/sem4/org/anngudin/lab1-pism/tomcat/conf/logging.properties
07-May-2020 20:32:18.070 INFO [main] org.apache.catalina.startup.VersionLoggerListener.log Command line argument: -Djava.util.logging.manager=org.apache.juli.ClassLoaderLogManager
07-May-2020 20:32:18.071 INFO [main] org.apache.catalina.startup.VersionLoggerListener.log Command line argument: -Djdk.tls.ephemeralDHKeySize=2048
07-May-2020 20:32:18.071 INFO [main] org.apache.catalina.startup.VersionLoggerListener.log Command line argument: -Djava.protocol.handler.pkgs=org.apache.catalina.webresources
07-May-2020 20:32:18.071 INFO [main] org.apache.catalina.startup.VersionLoggerListener.log Command line argument: -Dorg.apache.catalina.security.SecurityListener.UMASK=0027
07-May-2020 20:32:18.071 INFO [main] org.apache.catalina.startup.VersionLoggerListener.log Command line argument: -Dignore.endorsed.dirs=
07-May-2020 20:32:18.071 INFO [main] org.apache.catalina.startup.VersionLoggerListener.log Command line argument: -Dcatalina.base=/Users/admin/Documents/docs/labs/sem4/org/anngudin/lab1-pism/tomcat
07-May-2020 20:32:18.072 INFO [main] org.apache.catalina.startup.VersionLoggerListener.log Command line argument: -Dcatalina.home=/Users/admin/Documents/docs/labs/sem4/org/anngudin/lab1-pism/tomcat
07-May-2020 20:32:18.072 INFO [main] org.apache.catalina.startup.VersionLoggerListener.log Command line argument: -Djava.io.tmpdir=/Users/admin/Documents/docs/labs/sem4/org/anngudin/lab1-pism/tomcat/temp
07-May-2020 20:32:18.072 INFO [main] org.apache.catalina.core.AprLifecycleListener.lifecycleEvent The APR based Apache Tomcat Native library which allows optimal performance in production environments was not found on the java.library.path: [/Users/admin/Library/Java/Extensions:/Library/Java/Extensions:/Network/Library/Java/Extensions:/System/Library/Java/Extensions:/usr/lib/java:.]
07-May-2020 20:32:18.121 INFO [main] org.apache.coyote.AbstractProtocol.init Initializing ProtocolHandler ["http-nio-8080"]
07-May-2020 20:32:18.152 INFO [main] org.apache.coyote.AbstractProtocol.init Initializing ProtocolHandler ["ajp-nio-8009"]
07-May-2020 20:32:18.155 INFO [main] org.apache.catalina.startup.Catalina.load Server initialization in [913] milliseconds
07-May-2020 20:32:18.206 INFO [main] org.apache.catalina.core.StandardService.startInternal Starting service [Catalina]
07-May-2020 20:32:18.206 INFO [main] org.apache.catalina.core.StandardEngine.startInternal Starting Servlet engine: [Apache Tomcat/9.0.19]
07-May-2020 20:32:18.214 INFO [main] org.apache.catalina.startup.HostConfig.deployDirectory Установка веб приложения в папку [/Users/admin/Documents/docs/labs/sem4/org/anngudin/lab1-pism/tomcat/webapps/lab6]
07-May-2020 20:32:19.127 INFO [main] org.apache.jasper.servlet.TldScanner.scanJars At least one JAR was scanned for TLDs yet contained no TLDs. Enable debug logging for this logger for a complete list of JARs that were scanned but no TLDs were found in them. Skipping unneeded JARs during scanning can improve startup time and JSP compilation time.
07-May-2020 20:32:19.179 INFO [main] org.apache.catalina.startup.HostConfig.deployDirectory Deployment of web application directory [/Users/admin/Documents/docs/labs/sem4/org/anngudin/lab1-pism/tomcat/webapps/lab6] has finished in [965] ms
07-May-2020 20:32:19.180 INFO [main] org.apache.catalina.startup.HostConfig.deployDirectory Установка веб приложения в папку [/Users/admin/Documents/docs/labs/sem4/org/anngudin/lab1-pism/tomcat/webapps/docs]
07-May-2020 20:32:19.349 INFO [main] org.apache.jasper.servlet.TldScanner.scanJars At least one JAR was scanned for TLDs yet contained no TLDs. Enable debug logging for this logger for a complete list of JARs that were scanned but no TLDs were found in them. Skipping unneeded JARs during scanning can improve startup time and JSP compilation time.
07-May-2020 20:32:19.353 INFO [main] org.apache.catalina.startup.HostConfig.deployDirectory Deployment of web application directory [/Users/admin/Documents/docs/labs/sem4/org/anngudin/lab1-pism/tomcat/webapps/docs] has finished in [172] ms
07-May-2020 20:32:19.353 INFO [main] org.apache.catalina.startup.HostConfig.deployDirectory Установка веб приложения в папку [/Users/admin/Documents/docs/labs/sem4/org/anngudin/lab1-pism/tomcat/webapps/manager]
07-May-2020 20:32:19.540 INFO [main] org.apache.jasper.servlet.TldScanner.scanJars At least one JAR was scanned for TLDs yet contained no TLDs. Enable debug logging for this logger for a complete list of JARs that were scanned but no TLDs were found in them. Skipping unneeded JARs during scanning can improve startup time and JSP compilation time.
07-May-2020 20:32:19.549 INFO [main] org.apache.catalina.startup.HostConfig.deployDirectory Deployment of web application directory [/Users/admin/Documents/docs/labs/sem4/org/anngudin/lab1-pism/tomcat/webapps/manager] has finished in [196] ms
07-May-2020 20:32:19.550 INFO [main] org.apache.catalina.startup.HostConfig.deployDirectory Установка веб приложения в папку [/Users/admin/Documents/docs/labs/sem4/org/anngudin/lab1-pism/tomcat/webapps/examples]
07-May-2020 20:32:20.185 INFO [main] org.apache.jasper.servlet.TldScanner.scanJars At least one JAR was scanned for TLDs yet contained no TLDs. Enable debug logging for this logger for a complete list of JARs that were scanned but no TLDs were found in them. Skipping unneeded JARs during scanning can improve startup time and JSP compilation time.
07-May-2020 20:32:20.201 INFO [main] org.apache.catalina.startup.HostConfig.deployDirectory Deployment of web application directory [/Users/admin/Documents/docs/labs/sem4/org/anngudin/lab1-pism/tomcat/webapps/examples] has finished in [652] ms
07-May-2020 20:32:20.202 INFO [main] org.apache.catalina.startup.HostConfig.deployDirectory Установка веб приложения в папку [/Users/admin/Documents/docs/labs/sem4/org/anngudin/lab1-pism/tomcat/webapps/ROOT]
07-May-2020 20:32:20.332 INFO [main] org.apache.jasper.servlet.TldScanner.scanJars At least one JAR was scanned for TLDs yet contained no TLDs. Enable debug logging for this logger for a complete list of JARs that were scanned but no TLDs were found in them. Skipping unneeded JARs during scanning can improve startup time and JSP compilation time.
07-May-2020 20:32:20.334 INFO [main] org.apache.catalina.startup.HostConfig.deployDirectory Deployment of web application directory [/Users/admin/Documents/docs/labs/sem4/org/anngudin/lab1-pism/tomcat/webapps/ROOT] has finished in [132] ms
07-May-2020 20:32:20.335 INFO [main] org.apache.catalina.startup.HostConfig.deployDirectory Установка веб приложения в папку [/Users/admin/Documents/docs/labs/sem4/org/anngudin/lab1-pism/tomcat/webapps/host-manager]
07-May-2020 20:32:20.456 INFO [main] org.apache.jasper.servlet.TldScanner.scanJars At least one JAR was scanned for TLDs yet contained no TLDs. Enable debug logging for this logger for a complete list of JARs that were scanned but no TLDs were found in them. Skipping unneeded JARs during scanning can improve startup time and JSP compilation time.
07-May-2020 20:32:20.459 INFO [main] org.apache.catalina.startup.HostConfig.deployDirectory Deployment of web application directory [/Users/admin/Documents/docs/labs/sem4/org/anngudin/lab1-pism/tomcat/webapps/host-manager] has finished in [125] ms
07-May-2020 20:32:20.463 INFO [main] org.apache.coyote.AbstractProtocol.start Starting ProtocolHandler ["http-nio-8080"]
07-May-2020 20:32:20.471 INFO [main] org.apache.coyote.AbstractProtocol.start Starting ProtocolHandler ["ajp-nio-8009"]
07-May-2020 20:32:20.474 INFO [main] org.apache.catalina.startup.Catalina.start Server startup in [2 318] milliseconds
07-May-2020 20:40:01.783 INFO [Thread-4] org.apache.coyote.AbstractProtocol.pause Pausing ProtocolHandler ["http-nio-8080"]
07-May-2020 20:40:01.892 INFO [Thread-4] org.apache.coyote.AbstractProtocol.pause Pausing ProtocolHandler ["ajp-nio-8009"]
07-May-2020 20:40:01.893 INFO [Thread-4] org.apache.catalina.core.StandardService.stopInternal Stopping service [Catalina]
07-May-2020 20:40:02.029 INFO [Thread-4] org.apache.coyote.AbstractProtocol.stop Stopping ProtocolHandler ["http-nio-8080"]
07-May-2020 20:40:02.032 INFO [Thread-4] org.apache.coyote.AbstractProtocol.stop Stopping ProtocolHandler ["ajp-nio-8009"]
07-May-2020 20:40:02.034 INFO [Thread-4] org.apache.coyote.AbstractProtocol.destroy Destroying ProtocolHandler ["http-nio-8080"]
07-May-2020 20:40:02.035 INFO [Thread-4] org.apache.coyote.AbstractProtocol.destroy Destroying ProtocolHandler ["ajp-nio-8009"]
07-May-2020 20:40:42.181 INFO [main] org.apache.catalina.startup.VersionLoggerListener.log Server version name:   Apache Tomcat/9.0.19
07-May-2020 20:40:42.187 INFO [main] org.apache.catalina.startup.VersionLoggerListener.log Server built:          Apr 12 2019 14:22:48 UTC
07-May-2020 20:40:42.187 INFO [main] org.apache.catalina.startup.VersionLoggerListener.log Server version number: 9.0.19.0
07-May-2020 20:40:42.188 INFO [main] org.apache.catalina.startup.VersionLoggerListener.log OS Name:               Mac OS X
07-May-2020 20:40:42.188 INFO [main] org.apache.catalina.startup.VersionLoggerListener.log OS Version:            10.14.6
07-May-2020 20:40:42.188 INFO [main] org.apache.catalina.startup.VersionLoggerListener.log Architecture:          x86_64
07-May-2020 20:40:42.188 INFO [main] org.apache.catalina.startup.VersionLoggerListener.log Java Home:             /Library/Java/JavaVirtualMachines/jdk-11.0.2.jdk/Contents/Home
07-May-2020 20:40:42.189 INFO [main] org.apache.catalina.startup.VersionLoggerListener.log JVM Version:           11.0.2+9-LTS
07-May-2020 20:40:42.189 INFO [main] org.apache.catalina.startup.VersionLoggerListener.log JVM Vendor:            Oracle Corporation
07-May-2020 20:40:42.189 INFO [main] org.apache.catalina.startup.VersionLoggerListener.log CATALINA_BASE:         /Users/admin/Documents/docs/labs/sem4/org/anngudin/lab1-pism/tomcat
07-May-2020 20:40:42.189 INFO [main] org.apache.catalina.startup.VersionLoggerListener.log CATALINA_HOME:         /Users/admin/Documents/docs/labs/sem4/org/anngudin/lab1-pism/tomcat
07-May-2020 20:40:42.198 INFO [main] org.apache.catalina.startup.VersionLoggerListener.log Command line argument: --add-opens=java.base/java.lang=ALL-UNNAMED
07-May-2020 20:40:42.198 INFO [main] org.apache.catalina.startup.VersionLoggerListener.log Command line argument: --add-opens=java.base/java.io=ALL-UNNAMED
07-May-2020 20:40:42.198 INFO [main] org.apache.catalina.startup.VersionLoggerListener.log Command line argument: --add-opens=java.rmi/sun.rmi.transport=ALL-UNNAMED
07-May-2020 20:40:42.199 INFO [main] org.apache.catalina.startup.VersionLoggerListener.log Command line argument: -Djava.util.logging.config.file=/Users/admin/Documents/docs/labs/sem4/org/anngudin/lab1-pism/tomcat/conf/logging.properties
07-May-2020 20:40:42.199 INFO [main] org.apache.catalina.startup.VersionLoggerListener.log Command line argument: -Djava.util.logging.manager=org.apache.juli.ClassLoaderLogManager
07-May-2020 20:40:42.199 INFO [main] org.apache.catalina.startup.VersionLoggerListener.log Command line argument: -Djdk.tls.ephemeralDHKeySize=2048
07-May-2020 20:40:42.199 INFO [main] org.apache.catalina.startup.VersionLoggerListener.log Command line argument: -Djava.protocol.handler.pkgs=org.apache.catalina.webresources
07-May-2020 20:40:42.199 INFO [main] org.apache.catalina.startup.VersionLoggerListener.log Command line argument: -Dorg.apache.catalina.security.SecurityListener.UMASK=0027
07-May-2020 20:40:42.199 INFO [main] org.apache.catalina.startup.VersionLoggerListener.log Command line argument: -Dignore.endorsed.dirs=
07-May-2020 20:40:42.200 INFO [main] org.apache.catalina.startup.VersionLoggerListener.log Command line argument: -Dcatalina.base=/Users/admin/Documents/docs/labs/sem4/org/anngudin/lab1-pism/tomcat
07-May-2020 20:40:42.200 INFO [main] org.apache.catalina.startup.VersionLoggerListener.log Command line argument: -Dcatalina.home=/Users/admin/Documents/docs/labs/sem4/org/anngudin/lab1-pism/tomcat
07-May-2020 20:40:42.209 INFO [main] org.apache.catalina.startup.VersionLoggerListener.log Command line argument: -Djava.io.tmpdir=/Users/admin/Documents/docs/labs/sem4/org/anngudin/lab1-pism/tomcat/temp
07-May-2020 20:40:42.209 INFO [main] org.apache.catalina.core.AprLifecycleListener.lifecycleEvent The APR based Apache Tomcat Native library which allows optimal performance in production environments was not found on the java.library.path: [/Users/admin/Library/Java/Extensions:/Library/Java/Extensions:/Network/Library/Java/Extensions:/System/Library/Java/Extensions:/usr/lib/java:.]
07-May-2020 20:40:42.249 INFO [main] org.apache.coyote.AbstractProtocol.init Initializing ProtocolHandler ["http-nio-8080"]
07-May-2020 20:40:42.281 INFO [main] org.apache.coyote.AbstractProtocol.init Initializing ProtocolHandler ["ajp-nio-8009"]
07-May-2020 20:40:42.285 INFO [main] org.apache.catalina.startup.Catalina.load Server initialization in [879] milliseconds
07-May-2020 20:40:42.342 INFO [main] org.apache.catalina.core.StandardService.startInternal Starting service [Catalina]
07-May-2020 20:40:42.343 INFO [main] org.apache.catalina.core.StandardEngine.startInternal Starting Servlet engine: [Apache Tomcat/9.0.19]
07-May-2020 20:40:42.350 INFO [main] org.apache.catalina.startup.HostConfig.deployDirectory Установка веб приложения в папку [/Users/admin/Documents/docs/labs/sem4/org/anngudin/lab1-pism/tomcat/webapps/lab6]
07-May-2020 20:40:43.289 INFO [main] org.apache.jasper.servlet.TldScanner.scanJars At least one JAR was scanned for TLDs yet contained no TLDs. Enable debug logging for this logger for a complete list of JARs that were scanned but no TLDs were found in them. Skipping unneeded JARs during scanning can improve startup time and JSP compilation time.
07-May-2020 20:40:43.335 INFO [main] org.apache.catalina.startup.HostConfig.deployDirectory Deployment of web application directory [/Users/admin/Documents/docs/labs/sem4/org/anngudin/lab1-pism/tomcat/webapps/lab6] has finished in [986] ms
07-May-2020 20:40:43.336 INFO [main] org.apache.catalina.startup.HostConfig.deployDirectory Установка веб приложения в папку [/Users/admin/Documents/docs/labs/sem4/org/anngudin/lab1-pism/tomcat/webapps/docs]
07-May-2020 20:40:43.496 INFO [main] org.apache.jasper.servlet.TldScanner.scanJars At least one JAR was scanned for TLDs yet contained no TLDs. Enable debug logging for this logger for a complete list of JARs that were scanned but no TLDs were found in them. Skipping unneeded JARs during scanning can improve startup time and JSP compilation time.
07-May-2020 20:40:43.499 INFO [main] org.apache.catalina.startup.HostConfig.deployDirectory Deployment of web application directory [/Users/admin/Documents/docs/labs/sem4/org/anngudin/lab1-pism/tomcat/webapps/docs] has finished in [163] ms
07-May-2020 20:40:43.500 INFO [main] org.apache.catalina.startup.HostConfig.deployDirectory Установка веб приложения в папку [/Users/admin/Documents/docs/labs/sem4/org/anngudin/lab1-pism/tomcat/webapps/manager]
07-May-2020 20:40:43.736 INFO [main] org.apache.jasper.servlet.TldScanner.scanJars At least one JAR was scanned for TLDs yet contained no TLDs. Enable debug logging for this logger for a complete list of JARs that were scanned but no TLDs were found in them. Skipping unneeded JARs during scanning can improve startup time and JSP compilation time.
07-May-2020 20:40:43.976 INFO [main] org.apache.catalina.startup.HostConfig.deployDirectory Deployment of web application directory [/Users/admin/Documents/docs/labs/sem4/org/anngudin/lab1-pism/tomcat/webapps/manager] has finished in [476] ms
07-May-2020 20:40:43.976 INFO [main] org.apache.catalina.startup.HostConfig.deployDirectory Установка веб приложения в папку [/Users/admin/Documents/docs/labs/sem4/org/anngudin/lab1-pism/tomcat/webapps/examples]
07-May-2020 20:40:44.251 INFO [main] org.apache.jasper.servlet.TldScanner.scanJars At least one JAR was scanned for TLDs yet contained no TLDs. Enable debug logging for this logger for a complete list of JARs that were scanned but no TLDs were found in them. Skipping unneeded JARs during scanning can improve startup time and JSP compilation time.
07-May-2020 20:40:44.268 INFO [main] org.apache.catalina.startup.HostConfig.deployDirectory Deployment of web application directory [/Users/admin/Documents/docs/labs/sem4/org/anngudin/lab1-pism/tomcat/webapps/examples] has finished in [292] ms
07-May-2020 20:40:44.268 INFO [main] org.apache.catalina.startup.HostConfig.deployDirectory Установка веб приложения в папку [/Users/admin/Documents/docs/labs/sem4/org/anngudin/lab1-pism/tomcat/webapps/ROOT]
07-May-2020 20:40:44.437 INFO [main] org.apache.jasper.servlet.TldScanner.scanJars At least one JAR was scanned for TLDs yet contained no TLDs. Enable debug logging for this logger for a complete list of JARs that were scanned but no TLDs were found in them. Skipping unneeded JARs during scanning can improve startup time and JSP compilation time.
07-May-2020 20:40:44.439 INFO [main] org.apache.catalina.startup.HostConfig.deployDirectory Deployment of web application directory [/Users/admin/Documents/docs/labs/sem4/org/anngudin/lab1-pism/tomcat/webapps/ROOT] has finished in [171] ms
07-May-2020 20:40:44.439 INFO [main] org.apache.catalina.startup.HostConfig.deployDirectory Установка веб приложения в папку [/Users/admin/Documents/docs/labs/sem4/org/anngudin/lab1-pism/tomcat/webapps/host-manager]
07-May-2020 20:40:44.576 INFO [main] org.apache.jasper.servlet.TldScanner.scanJars At least one JAR was scanned for TLDs yet contained no TLDs. Enable debug logging for this logger for a complete list of JARs that were scanned but no TLDs were found in them. Skipping unneeded JARs during scanning can improve startup time and JSP compilation time.
07-May-2020 20:40:44.578 INFO [main] org.apache.catalina.startup.HostConfig.deployDirectory Deployment of web application directory [/Users/admin/Documents/docs/labs/sem4/org/anngudin/lab1-pism/tomcat/webapps/host-manager] has finished in [138] ms
07-May-2020 20:40:44.580 INFO [main] org.apache.coyote.AbstractProtocol.start Starting ProtocolHandler ["http-nio-8080"]
07-May-2020 20:40:44.590 INFO [main] org.apache.coyote.AbstractProtocol.start Starting ProtocolHandler ["ajp-nio-8009"]
07-May-2020 20:40:44.594 INFO [main] org.apache.catalina.startup.Catalina.start Server startup in [2 308] milliseconds
07-May-2020 20:41:27.618 INFO [Thread-4] org.apache.coyote.AbstractProtocol.pause Pausing ProtocolHandler ["http-nio-8080"]
07-May-2020 20:41:27.623 INFO [Thread-4] org.apache.coyote.AbstractProtocol.pause Pausing ProtocolHandler ["ajp-nio-8009"]
07-May-2020 20:41:27.630 INFO [Thread-4] org.apache.catalina.core.StandardService.stopInternal Stopping service [Catalina]
07-May-2020 20:41:27.681 INFO [Thread-4] org.apache.coyote.AbstractProtocol.stop Stopping ProtocolHandler ["http-nio-8080"]
07-May-2020 20:41:27.685 INFO [Thread-4] org.apache.coyote.AbstractProtocol.stop Stopping ProtocolHandler ["ajp-nio-8009"]
07-May-2020 20:41:27.688 INFO [Thread-4] org.apache.coyote.AbstractProtocol.destroy Destroying ProtocolHandler ["http-nio-8080"]
07-May-2020 20:41:27.689 INFO [Thread-4] org.apache.coyote.AbstractProtocol.destroy Destroying ProtocolHandler ["ajp-nio-8009"]
07-May-2020 20:41:50.768 INFO [main] org.apache.catalina.startup.VersionLoggerListener.log Server version name:   Apache Tomcat/9.0.19
07-May-2020 20:41:50.771 INFO [main] org.apache.catalina.startup.VersionLoggerListener.log Server built:          Apr 12 2019 14:22:48 UTC
07-May-2020 20:41:50.772 INFO [main] org.apache.catalina.startup.VersionLoggerListener.log Server version number: 9.0.19.0
07-May-2020 20:41:50.772 INFO [main] org.apache.catalina.startup.VersionLoggerListener.log OS Name:               Mac OS X
07-May-2020 20:41:50.772 INFO [main] org.apache.catalina.startup.VersionLoggerListener.log OS Version:            10.14.6
07-May-2020 20:41:50.772 INFO [main] org.apache.catalina.startup.VersionLoggerListener.log Architecture:          x86_64
07-May-2020 20:41:50.772 INFO [main] org.apache.catalina.startup.VersionLoggerListener.log Java Home:             /Library/Java/JavaVirtualMachines/jdk-11.0.2.jdk/Contents/Home
07-May-2020 20:41:50.772 INFO [main] org.apache.catalina.startup.VersionLoggerListener.log JVM Version:           11.0.2+9-LTS
07-May-2020 20:41:50.773 INFO [main] org.apache.catalina.startup.VersionLoggerListener.log JVM Vendor:            Oracle Corporation
07-May-2020 20:41:50.773 INFO [main] org.apache.catalina.startup.VersionLoggerListener.log CATALINA_BASE:         /Users/admin/Documents/docs/labs/sem4/org/anngudin/lab1-pism/tomcat
07-May-2020 20:41:50.773 INFO [main] org.apache.catalina.startup.VersionLoggerListener.log CATALINA_HOME:         /Users/admin/Documents/docs/labs/sem4/org/anngudin/lab1-pism/tomcat
07-May-2020 20:41:50.776 INFO [main] org.apache.catalina.startup.VersionLoggerListener.log Command line argument: --add-opens=java.base/java.lang=ALL-UNNAMED
07-May-2020 20:41:50.776 INFO [main] org.apache.catalina.startup.VersionLoggerListener.log Command line argument: --add-opens=java.base/java.io=ALL-UNNAMED
07-May-2020 20:41:50.776 INFO [main] org.apache.catalina.startup.VersionLoggerListener.log Command line argument: --add-opens=java.rmi/sun.rmi.transport=ALL-UNNAMED
07-May-2020 20:41:50.776 INFO [main] org.apache.catalina.startup.VersionLoggerListener.log Command line argument: -Djava.util.logging.config.file=/Users/admin/Documents/docs/labs/sem4/org/anngudin/lab1-pism/tomcat/conf/logging.properties
07-May-2020 20:41:50.781 INFO [main] org.apache.catalina.startup.VersionLoggerListener.log Command line argument: -Djava.util.logging.manager=org.apache.juli.ClassLoaderLogManager
07-May-2020 20:41:50.782 INFO [main] org.apache.catalina.startup.VersionLoggerListener.log Command line argument: -Djdk.tls.ephemeralDHKeySize=2048
07-May-2020 20:41:50.782 INFO [main] org.apache.catalina.startup.VersionLoggerListener.log Command line argument: -Djava.protocol.handler.pkgs=org.apache.catalina.webresources
07-May-2020 20:41:50.782 INFO [main] org.apache.catalina.startup.VersionLoggerListener.log Command line argument: -Dorg.apache.catalina.security.SecurityListener.UMASK=0027
07-May-2020 20:41:50.782 INFO [main] org.apache.catalina.startup.VersionLoggerListener.log Command line argument: -Dignore.endorsed.dirs=
07-May-2020 20:41:50.782 INFO [main] org.apache.catalina.startup.VersionLoggerListener.log Command line argument: -Dcatalina.base=/Users/admin/Documents/docs/labs/sem4/org/anngudin/lab1-pism/tomcat
07-May-2020 20:41:50.783 INFO [main] org.apache.catalina.startup.VersionLoggerListener.log Command line argument: -Dcatalina.home=/Users/admin/Documents/docs/labs/sem4/org/anngudin/lab1-pism/tomcat
07-May-2020 20:41:50.783 INFO [main] org.apache.catalina.startup.VersionLoggerListener.log Command line argument: -Djava.io.tmpdir=/Users/admin/Documents/docs/labs/sem4/org/anngudin/lab1-pism/tomcat/temp
07-May-2020 20:41:50.783 INFO [main] org.apache.catalina.core.AprLifecycleListener.lifecycleEvent The APR based Apache Tomcat Native library which allows optimal performance in production environments was not found on the java.library.path: [/Users/admin/Library/Java/Extensions:/Library/Java/Extensions:/Network/Library/Java/Extensions:/System/Library/Java/Extensions:/usr/lib/java:.]
07-May-2020 20:41:50.825 INFO [main] org.apache.coyote.AbstractProtocol.init Initializing ProtocolHandler ["http-nio-8080"]
07-May-2020 20:41:50.856 INFO [main] org.apache.coyote.AbstractProtocol.init Initializing ProtocolHandler ["ajp-nio-8009"]
07-May-2020 20:41:50.858 INFO [main] org.apache.catalina.startup.Catalina.load Server initialization in [489] milliseconds
07-May-2020 20:41:50.903 INFO [main] org.apache.catalina.core.StandardService.startInternal Starting service [Catalina]
07-May-2020 20:41:50.904 INFO [main] org.apache.catalina.core.StandardEngine.startInternal Starting Servlet engine: [Apache Tomcat/9.0.19]
07-May-2020 20:41:50.909 INFO [main] org.apache.catalina.startup.HostConfig.deployDirectory Установка веб приложения в папку [/Users/admin/Documents/docs/labs/sem4/org/anngudin/lab1-pism/tomcat/webapps/lab6]
07-May-2020 20:41:51.755 INFO [main] org.apache.jasper.servlet.TldScanner.scanJars At least one JAR was scanned for TLDs yet contained no TLDs. Enable debug logging for this logger for a complete list of JARs that were scanned but no TLDs were found in them. Skipping unneeded JARs during scanning can improve startup time and JSP compilation time.
07-May-2020 20:41:51.794 INFO [main] org.apache.catalina.startup.HostConfig.deployDirectory Deployment of web application directory [/Users/admin/Documents/docs/labs/sem4/org/anngudin/lab1-pism/tomcat/webapps/lab6] has finished in [885] ms
07-May-2020 20:41:51.795 INFO [main] org.apache.catalina.startup.HostConfig.deployDirectory Установка веб приложения в папку [/Users/admin/Documents/docs/labs/sem4/org/anngudin/lab1-pism/tomcat/webapps/docs]
07-May-2020 20:41:51.956 INFO [main] org.apache.jasper.servlet.TldScanner.scanJars At least one JAR was scanned for TLDs yet contained no TLDs. Enable debug logging for this logger for a complete list of JARs that were scanned but no TLDs were found in them. Skipping unneeded JARs during scanning can improve startup time and JSP compilation time.
07-May-2020 20:41:51.958 INFO [main] org.apache.catalina.startup.HostConfig.deployDirectory Deployment of web application directory [/Users/admin/Documents/docs/labs/sem4/org/anngudin/lab1-pism/tomcat/webapps/docs] has finished in [164] ms
07-May-2020 20:41:51.959 INFO [main] org.apache.catalina.startup.HostConfig.deployDirectory Установка веб приложения в папку [/Users/admin/Documents/docs/labs/sem4/org/anngudin/lab1-pism/tomcat/webapps/manager]
07-May-2020 20:41:52.122 INFO [main] org.apache.jasper.servlet.TldScanner.scanJars At least one JAR was scanned for TLDs yet contained no TLDs. Enable debug logging for this logger for a complete list of JARs that were scanned but no TLDs were found in them. Skipping unneeded JARs during scanning can improve startup time and JSP compilation time.
07-May-2020 20:41:52.127 INFO [main] org.apache.catalina.startup.HostConfig.deployDirectory Deployment of web application directory [/Users/admin/Documents/docs/labs/sem4/org/anngudin/lab1-pism/tomcat/webapps/manager] has finished in [168] ms
07-May-2020 20:41:52.127 INFO [main] org.apache.catalina.startup.HostConfig.deployDirectory Установка веб приложения в папку [/Users/admin/Documents/docs/labs/sem4/org/anngudin/lab1-pism/tomcat/webapps/examples]
07-May-2020 20:41:52.383 INFO [main] org.apache.jasper.servlet.TldScanner.scanJars At least one JAR was scanned for TLDs yet contained no TLDs. Enable debug logging for this logger for a complete list of JARs that were scanned but no TLDs were found in them. Skipping unneeded JARs during scanning can improve startup time and JSP compilation time.
07-May-2020 20:41:52.399 INFO [main] org.apache.catalina.startup.HostConfig.deployDirectory Deployment of web application directory [/Users/admin/Documents/docs/labs/sem4/org/anngudin/lab1-pism/tomcat/webapps/examples] has finished in [272] ms
07-May-2020 20:41:52.400 INFO [main] org.apache.catalina.startup.HostConfig.deployDirectory Установка веб приложения в папку [/Users/admin/Documents/docs/labs/sem4/org/anngudin/lab1-pism/tomcat/webapps/ROOT]
07-May-2020 20:41:52.555 INFO [main] org.apache.jasper.servlet.TldScanner.scanJars At least one JAR was scanned for TLDs yet contained no TLDs. Enable debug logging for this logger for a complete list of JARs that were scanned but no TLDs were found in them. Skipping unneeded JARs during scanning can improve startup time and JSP compilation time.
07-May-2020 20:41:52.557 INFO [main] org.apache.catalina.startup.HostConfig.deployDirectory Deployment of web application directory [/Users/admin/Documents/docs/labs/sem4/org/anngudin/lab1-pism/tomcat/webapps/ROOT] has finished in [158] ms
07-May-2020 20:41:52.557 INFO [main] org.apache.catalina.startup.HostConfig.deployDirectory Установка веб приложения в папку [/Users/admin/Documents/docs/labs/sem4/org/anngudin/lab1-pism/tomcat/webapps/host-manager]
07-May-2020 20:41:52.707 INFO [main] org.apache.jasper.servlet.TldScanner.scanJars At least one JAR was scanned for TLDs yet contained no TLDs. Enable debug logging for this logger for a complete list of JARs that were scanned but no TLDs were found in them. Skipping unneeded JARs during scanning can improve startup time and JSP compilation time.
07-May-2020 20:41:52.710 INFO [main] org.apache.catalina.startup.HostConfig.deployDirectory Deployment of web application directory [/Users/admin/Documents/docs/labs/sem4/org/anngudin/lab1-pism/tomcat/webapps/host-manager] has finished in [153] ms
07-May-2020 20:41:52.715 INFO [main] org.apache.coyote.AbstractProtocol.start Starting ProtocolHandler ["http-nio-8080"]
07-May-2020 20:41:52.721 INFO [main] org.apache.coyote.AbstractProtocol.start Starting ProtocolHandler ["ajp-nio-8009"]
07-May-2020 20:41:52.724 INFO [main] org.apache.catalina.startup.Catalina.start Server startup in [1 865] milliseconds
07-May-2020 20:42:59.449 INFO [Thread-4] org.apache.coyote.AbstractProtocol.pause Pausing ProtocolHandler ["http-nio-8080"]
07-May-2020 20:42:59.454 INFO [Thread-4] org.apache.coyote.AbstractProtocol.pause Pausing ProtocolHandler ["ajp-nio-8009"]
07-May-2020 20:42:59.462 INFO [Thread-4] org.apache.catalina.core.StandardService.stopInternal Stopping service [Catalina]
07-May-2020 20:42:59.510 INFO [Thread-4] org.apache.coyote.AbstractProtocol.stop Stopping ProtocolHandler ["http-nio-8080"]
07-May-2020 20:42:59.512 INFO [Thread-4] org.apache.coyote.AbstractProtocol.stop Stopping ProtocolHandler ["ajp-nio-8009"]
07-May-2020 20:42:59.515 INFO [Thread-4] org.apache.coyote.AbstractProtocol.destroy Destroying ProtocolHandler ["http-nio-8080"]
07-May-2020 20:42:59.516 INFO [Thread-4] org.apache.coyote.AbstractProtocol.destroy Destroying ProtocolHandler ["ajp-nio-8009"]
07-May-2020 21:51:43.812 INFO [main] org.apache.catalina.startup.VersionLoggerListener.log Server version name:   Apache Tomcat/9.0.19
07-May-2020 21:51:43.816 INFO [main] org.apache.catalina.startup.VersionLoggerListener.log Server built:          Apr 12 2019 14:22:48 UTC
07-May-2020 21:51:43.817 INFO [main] org.apache.catalina.startup.VersionLoggerListener.log Server version number: 9.0.19.0
07-May-2020 21:51:43.817 INFO [main] org.apache.catalina.startup.VersionLoggerListener.log OS Name:               Mac OS X
07-May-2020 21:51:43.817 INFO [main] org.apache.catalina.startup.VersionLoggerListener.log OS Version:            10.14.6
07-May-2020 21:51:43.817 INFO [main] org.apache.catalina.startup.VersionLoggerListener.log Architecture:          x86_64
07-May-2020 21:51:43.818 INFO [main] org.apache.catalina.startup.VersionLoggerListener.log Java Home:             /Library/Java/JavaVirtualMachines/jdk-11.0.2.jdk/Contents/Home
07-May-2020 21:51:43.818 INFO [main] org.apache.catalina.startup.VersionLoggerListener.log JVM Version:           11.0.2+9-LTS
07-May-2020 21:51:43.819 INFO [main] org.apache.catalina.startup.VersionLoggerListener.log JVM Vendor:            Oracle Corporation
07-May-2020 21:51:43.819 INFO [main] org.apache.catalina.startup.VersionLoggerListener.log CATALINA_BASE:         /Users/admin/Documents/docs/labs/sem4/org/anngudin/lab1-pism/tomcat
07-May-2020 21:51:43.819 INFO [main] org.apache.catalina.startup.VersionLoggerListener.log CATALINA_HOME:         /Users/admin/Documents/docs/labs/sem4/org/anngudin/lab1-pism/tomcat
07-May-2020 21:51:43.820 INFO [main] org.apache.catalina.startup.VersionLoggerListener.log Command line argument: --add-opens=java.base/java.lang=ALL-UNNAMED
07-May-2020 21:51:43.820 INFO [main] org.apache.catalina.startup.VersionLoggerListener.log Command line argument: --add-opens=java.base/java.io=ALL-UNNAMED
07-May-2020 21:51:43.820 INFO [main] org.apache.catalina.startup.VersionLoggerListener.log Command line argument: --add-opens=java.rmi/sun.rmi.transport=ALL-UNNAMED
07-May-2020 21:51:43.821 INFO [main] org.apache.catalina.startup.VersionLoggerListener.log Command line argument: -Djava.util.logging.config.file=/Users/admin/Documents/docs/labs/sem4/org/anngudin/lab1-pism/tomcat/conf/logging.properties
07-May-2020 21:51:43.821 INFO [main] org.apache.catalina.startup.VersionLoggerListener.log Command line argument: -Djava.util.logging.manager=org.apache.juli.ClassLoaderLogManager
07-May-2020 21:51:43.821 INFO [main] org.apache.catalina.startup.VersionLoggerListener.log Command line argument: -Djdk.tls.ephemeralDHKeySize=2048
07-May-2020 21:51:43.821 INFO [main] org.apache.catalina.startup.VersionLoggerListener.log Command line argument: -Djava.protocol.handler.pkgs=org.apache.catalina.webresources
07-May-2020 21:51:43.821 INFO [main] org.apache.catalina.startup.VersionLoggerListener.log Command line argument: -Dorg.apache.catalina.security.SecurityListener.UMASK=0027
07-May-2020 21:51:43.822 INFO [main] org.apache.catalina.startup.VersionLoggerListener.log Command line argument: -Dignore.endorsed.dirs=
07-May-2020 21:51:43.822 INFO [main] org.apache.catalina.startup.VersionLoggerListener.log Command line argument: -Dcatalina.base=/Users/admin/Documents/docs/labs/sem4/org/anngudin/lab1-pism/tomcat
07-May-2020 21:51:43.822 INFO [main] org.apache.catalina.startup.VersionLoggerListener.log Command line argument: -Dcatalina.home=/Users/admin/Documents/docs/labs/sem4/org/anngudin/lab1-pism/tomcat
07-May-2020 21:51:43.822 INFO [main] org.apache.catalina.startup.VersionLoggerListener.log Command line argument: -Djava.io.tmpdir=/Users/admin/Documents/docs/labs/sem4/org/anngudin/lab1-pism/tomcat/temp
07-May-2020 21:51:43.822 INFO [main] org.apache.catalina.core.AprLifecycleListener.lifecycleEvent The APR based Apache Tomcat Native library which allows optimal performance in production environments was not found on the java.library.path: [/Users/admin/Library/Java/Extensions:/Library/Java/Extensions:/Network/Library/Java/Extensions:/System/Library/Java/Extensions:/usr/lib/java:.]
07-May-2020 21:51:43.865 INFO [main] org.apache.coyote.AbstractProtocol.init Initializing ProtocolHandler ["http-nio-8080"]
07-May-2020 21:51:43.894 INFO [main] org.apache.coyote.AbstractProtocol.init Initializing ProtocolHandler ["ajp-nio-8009"]
07-May-2020 21:51:43.897 INFO [main] org.apache.catalina.startup.Catalina.load Server initialization in [559] milliseconds
07-May-2020 21:51:43.941 INFO [main] org.apache.catalina.core.StandardService.startInternal Starting service [Catalina]
07-May-2020 21:51:43.941 INFO [main] org.apache.catalina.core.StandardEngine.startInternal Starting Servlet engine: [Apache Tomcat/9.0.19]
07-May-2020 21:51:43.949 INFO [main] org.apache.catalina.startup.HostConfig.deployDirectory Установка веб приложения в папку [/Users/admin/Documents/docs/labs/sem4/org/anngudin/lab1-pism/tomcat/webapps/lab6]
07-May-2020 21:51:44.916 INFO [main] org.apache.jasper.servlet.TldScanner.scanJars At least one JAR was scanned for TLDs yet contained no TLDs. Enable debug logging for this logger for a complete list of JARs that were scanned but no TLDs were found in them. Skipping unneeded JARs during scanning can improve startup time and JSP compilation time.
07-May-2020 21:51:44.968 INFO [main] org.apache.catalina.startup.HostConfig.deployDirectory Deployment of web application directory [/Users/admin/Documents/docs/labs/sem4/org/anngudin/lab1-pism/tomcat/webapps/lab6] has finished in [1 020] ms
07-May-2020 21:51:44.968 INFO [main] org.apache.catalina.startup.HostConfig.deployDirectory Установка веб приложения в папку [/Users/admin/Documents/docs/labs/sem4/org/anngudin/lab1-pism/tomcat/webapps/docs]
07-May-2020 21:51:45.181 INFO [main] org.apache.jasper.servlet.TldScanner.scanJars At least one JAR was scanned for TLDs yet contained no TLDs. Enable debug logging for this logger for a complete list of JARs that were scanned but no TLDs were found in them. Skipping unneeded JARs during scanning can improve startup time and JSP compilation time.
07-May-2020 21:51:45.185 INFO [main] org.apache.catalina.startup.HostConfig.deployDirectory Deployment of web application directory [/Users/admin/Documents/docs/labs/sem4/org/anngudin/lab1-pism/tomcat/webapps/docs] has finished in [217] ms
07-May-2020 21:51:45.185 INFO [main] org.apache.catalina.startup.HostConfig.deployDirectory Установка веб приложения в папку [/Users/admin/Documents/docs/labs/sem4/org/anngudin/lab1-pism/tomcat/webapps/manager]
07-May-2020 21:51:45.338 INFO [main] org.apache.jasper.servlet.TldScanner.scanJars At least one JAR was scanned for TLDs yet contained no TLDs. Enable debug logging for this logger for a complete list of JARs that were scanned but no TLDs were found in them. Skipping unneeded JARs during scanning can improve startup time and JSP compilation time.
07-May-2020 21:51:45.344 INFO [main] org.apache.catalina.startup.HostConfig.deployDirectory Deployment of web application directory [/Users/admin/Documents/docs/labs/sem4/org/anngudin/lab1-pism/tomcat/webapps/manager] has finished in [159] ms
07-May-2020 21:51:45.345 INFO [main] org.apache.catalina.startup.HostConfig.deployDirectory Установка веб приложения в папку [/Users/admin/Documents/docs/labs/sem4/org/anngudin/lab1-pism/tomcat/webapps/examples]
07-May-2020 21:51:45.618 INFO [main] org.apache.jasper.servlet.TldScanner.scanJars At least one JAR was scanned for TLDs yet contained no TLDs. Enable debug logging for this logger for a complete list of JARs that were scanned but no TLDs were found in them. Skipping unneeded JARs during scanning can improve startup time and JSP compilation time.
07-May-2020 21:51:45.633 INFO [main] org.apache.catalina.startup.HostConfig.deployDirectory Deployment of web application directory [/Users/admin/Documents/docs/labs/sem4/org/anngudin/lab1-pism/tomcat/webapps/examples] has finished in [289] ms
07-May-2020 21:51:45.633 INFO [main] org.apache.catalina.startup.HostConfig.deployDirectory Установка веб приложения в папку [/Users/admin/Documents/docs/labs/sem4/org/anngudin/lab1-pism/tomcat/webapps/ROOT]
07-May-2020 21:51:45.769 INFO [main] org.apache.jasper.servlet.TldScanner.scanJars At least one JAR was scanned for TLDs yet contained no TLDs. Enable debug logging for this logger for a complete list of JARs that were scanned but no TLDs were found in them. Skipping unneeded JARs during scanning can improve startup time and JSP compilation time.
07-May-2020 21:51:45.771 INFO [main] org.apache.catalina.startup.HostConfig.deployDirectory Deployment of web application directory [/Users/admin/Documents/docs/labs/sem4/org/anngudin/lab1-pism/tomcat/webapps/ROOT] has finished in [138] ms
07-May-2020 21:51:45.772 INFO [main] org.apache.catalina.startup.HostConfig.deployDirectory Установка веб приложения в папку [/Users/admin/Documents/docs/labs/sem4/org/anngudin/lab1-pism/tomcat/webapps/host-manager]
07-May-2020 21:51:45.907 INFO [main] org.apache.jasper.servlet.TldScanner.scanJars At least one JAR was scanned for TLDs yet contained no TLDs. Enable debug logging for this logger for a complete list of JARs that were scanned but no TLDs were found in them. Skipping unneeded JARs during scanning can improve startup time and JSP compilation time.
07-May-2020 21:51:45.909 INFO [main] org.apache.catalina.startup.HostConfig.deployDirectory Deployment of web application directory [/Users/admin/Documents/docs/labs/sem4/org/anngudin/lab1-pism/tomcat/webapps/host-manager] has finished in [137] ms
07-May-2020 21:51:45.914 INFO [main] org.apache.coyote.AbstractProtocol.start Starting ProtocolHandler ["http-nio-8080"]
07-May-2020 21:51:45.921 INFO [main] org.apache.coyote.AbstractProtocol.start Starting ProtocolHandler ["ajp-nio-8009"]
07-May-2020 21:51:45.925 INFO [main] org.apache.catalina.startup.Catalina.start Server startup in [2 027] milliseconds
07-May-2020 23:07:52.750 INFO [Thread-4] org.apache.coyote.AbstractProtocol.pause Pausing ProtocolHandler ["http-nio-8080"]
07-May-2020 23:07:52.756 INFO [Thread-4] org.apache.coyote.AbstractProtocol.pause Pausing ProtocolHandler ["ajp-nio-8009"]
07-May-2020 23:07:52.762 INFO [Thread-4] org.apache.catalina.core.StandardService.stopInternal Stopping service [Catalina]
07-May-2020 23:07:52.820 INFO [Thread-4] org.apache.coyote.AbstractProtocol.stop Stopping ProtocolHandler ["http-nio-8080"]
07-May-2020 23:07:52.823 INFO [Thread-4] org.apache.coyote.AbstractProtocol.stop Stopping ProtocolHandler ["ajp-nio-8009"]
07-May-2020 23:07:52.827 INFO [Thread-4] org.apache.coyote.AbstractProtocol.destroy Destroying ProtocolHandler ["http-nio-8080"]
07-May-2020 23:07:52.828 INFO [Thread-4] org.apache.coyote.AbstractProtocol.destroy Destroying ProtocolHandler ["ajp-nio-8009"]
07-May-2020 23:08:27.697 INFO [main] org.apache.catalina.startup.VersionLoggerListener.log Server version name:   Apache Tomcat/9.0.19
07-May-2020 23:08:27.701 INFO [main] org.apache.catalina.startup.VersionLoggerListener.log Server built:          Apr 12 2019 14:22:48 UTC
07-May-2020 23:08:27.701 INFO [main] org.apache.catalina.startup.VersionLoggerListener.log Server version number: 9.0.19.0
07-May-2020 23:08:27.702 INFO [main] org.apache.catalina.startup.VersionLoggerListener.log OS Name:               Mac OS X
07-May-2020 23:08:27.702 INFO [main] org.apache.catalina.startup.VersionLoggerListener.log OS Version:            10.14.6
07-May-2020 23:08:27.702 INFO [main] org.apache.catalina.startup.VersionLoggerListener.log Architecture:          x86_64
07-May-2020 23:08:27.702 INFO [main] org.apache.catalina.startup.VersionLoggerListener.log Java Home:             /Library/Java/JavaVirtualMachines/jdk-11.0.2.jdk/Contents/Home
07-May-2020 23:08:27.702 INFO [main] org.apache.catalina.startup.VersionLoggerListener.log JVM Version:           11.0.2+9-LTS
07-May-2020 23:08:27.702 INFO [main] org.apache.catalina.startup.VersionLoggerListener.log JVM Vendor:            Oracle Corporation
07-May-2020 23:08:27.702 INFO [main] org.apache.catalina.startup.VersionLoggerListener.log CATALINA_BASE:         /Users/admin/Documents/docs/labs/sem4/org/anngudin/lab1-pism/tomcat
07-May-2020 23:08:27.703 INFO [main] org.apache.catalina.startup.VersionLoggerListener.log CATALINA_HOME:         /Users/admin/Documents/docs/labs/sem4/org/anngudin/lab1-pism/tomcat
07-May-2020 23:08:27.705 INFO [main] org.apache.catalina.startup.VersionLoggerListener.log Command line argument: --add-opens=java.base/java.lang=ALL-UNNAMED
07-May-2020 23:08:27.705 INFO [main] org.apache.catalina.startup.VersionLoggerListener.log Command line argument: --add-opens=java.base/java.io=ALL-UNNAMED
07-May-2020 23:08:27.705 INFO [main] org.apache.catalina.startup.VersionLoggerListener.log Command line argument: --add-opens=java.rmi/sun.rmi.transport=ALL-UNNAMED
07-May-2020 23:08:27.705 INFO [main] org.apache.catalina.startup.VersionLoggerListener.log Command line argument: -Djava.util.logging.config.file=/Users/admin/Documents/docs/labs/sem4/org/anngudin/lab1-pism/tomcat/conf/logging.properties
07-May-2020 23:08:27.705 INFO [main] org.apache.catalina.startup.VersionLoggerListener.log Command line argument: -Djava.util.logging.manager=org.apache.juli.ClassLoaderLogManager
07-May-2020 23:08:27.706 INFO [main] org.apache.catalina.startup.VersionLoggerListener.log Command line argument: -Djdk.tls.ephemeralDHKeySize=2048
07-May-2020 23:08:27.712 INFO [main] org.apache.catalina.startup.VersionLoggerListener.log Command line argument: -Djava.protocol.handler.pkgs=org.apache.catalina.webresources
07-May-2020 23:08:27.712 INFO [main] org.apache.catalina.startup.VersionLoggerListener.log Command line argument: -Dorg.apache.catalina.security.SecurityListener.UMASK=0027
07-May-2020 23:08:27.712 INFO [main] org.apache.catalina.startup.VersionLoggerListener.log Command line argument: -Dignore.endorsed.dirs=
07-May-2020 23:08:27.713 INFO [main] org.apache.catalina.startup.VersionLoggerListener.log Command line argument: -Dcatalina.base=/Users/admin/Documents/docs/labs/sem4/org/anngudin/lab1-pism/tomcat
07-May-2020 23:08:27.713 INFO [main] org.apache.catalina.startup.VersionLoggerListener.log Command line argument: -Dcatalina.home=/Users/admin/Documents/docs/labs/sem4/org/anngudin/lab1-pism/tomcat
07-May-2020 23:08:27.713 INFO [main] org.apache.catalina.startup.VersionLoggerListener.log Command line argument: -Djava.io.tmpdir=/Users/admin/Documents/docs/labs/sem4/org/anngudin/lab1-pism/tomcat/temp
07-May-2020 23:08:27.713 INFO [main] org.apache.catalina.core.AprLifecycleListener.lifecycleEvent The APR based Apache Tomcat Native library which allows optimal performance in production environments was not found on the java.library.path: [/Users/admin/Library/Java/Extensions:/Library/Java/Extensions:/Network/Library/Java/Extensions:/System/Library/Java/Extensions:/usr/lib/java:.]
07-May-2020 23:08:27.758 INFO [main] org.apache.coyote.AbstractProtocol.init Initializing ProtocolHandler ["http-nio-8080"]
07-May-2020 23:08:27.789 INFO [main] org.apache.coyote.AbstractProtocol.init Initializing ProtocolHandler ["ajp-nio-8009"]
07-May-2020 23:08:27.792 INFO [main] org.apache.catalina.startup.Catalina.load Server initialization in [496] milliseconds
07-May-2020 23:08:27.838 INFO [main] org.apache.catalina.core.StandardService.startInternal Starting service [Catalina]
07-May-2020 23:08:27.838 INFO [main] org.apache.catalina.core.StandardEngine.startInternal Starting Servlet engine: [Apache Tomcat/9.0.19]
07-May-2020 23:08:27.846 INFO [main] org.apache.catalina.startup.HostConfig.deployDirectory Установка веб приложения в папку [/Users/admin/Documents/docs/labs/sem4/org/anngudin/lab1-pism/tomcat/webapps/lab6]
07-May-2020 23:08:28.784 INFO [main] org.apache.jasper.servlet.TldScanner.scanJars At least one JAR was scanned for TLDs yet contained no TLDs. Enable debug logging for this logger for a complete list of JARs that were scanned but no TLDs were found in them. Skipping unneeded JARs during scanning can improve startup time and JSP compilation time.
07-May-2020 23:08:28.822 INFO [main] org.apache.catalina.startup.HostConfig.deployDirectory Deployment of web application directory [/Users/admin/Documents/docs/labs/sem4/org/anngudin/lab1-pism/tomcat/webapps/lab6] has finished in [976] ms
07-May-2020 23:08:28.822 INFO [main] org.apache.catalina.startup.HostConfig.deployDirectory Установка веб приложения в папку [/Users/admin/Documents/docs/labs/sem4/org/anngudin/lab1-pism/tomcat/webapps/docs]
07-May-2020 23:08:28.968 INFO [main] org.apache.jasper.servlet.TldScanner.scanJars At least one JAR was scanned for TLDs yet contained no TLDs. Enable debug logging for this logger for a complete list of JARs that were scanned but no TLDs were found in them. Skipping unneeded JARs during scanning can improve startup time and JSP compilation time.
07-May-2020 23:08:28.971 INFO [main] org.apache.catalina.startup.HostConfig.deployDirectory Deployment of web application directory [/Users/admin/Documents/docs/labs/sem4/org/anngudin/lab1-pism/tomcat/webapps/docs] has finished in [149] ms
07-May-2020 23:08:28.972 INFO [main] org.apache.catalina.startup.HostConfig.deployDirectory Установка веб приложения в папку [/Users/admin/Documents/docs/labs/sem4/org/anngudin/lab1-pism/tomcat/webapps/manager]
07-May-2020 23:08:29.114 INFO [main] org.apache.jasper.servlet.TldScanner.scanJars At least one JAR was scanned for TLDs yet contained no TLDs. Enable debug logging for this logger for a complete list of JARs that were scanned but no TLDs were found in them. Skipping unneeded JARs during scanning can improve startup time and JSP compilation time.
07-May-2020 23:08:29.121 INFO [main] org.apache.catalina.startup.HostConfig.deployDirectory Deployment of web application directory [/Users/admin/Documents/docs/labs/sem4/org/anngudin/lab1-pism/tomcat/webapps/manager] has finished in [149] ms
07-May-2020 23:08:29.121 INFO [main] org.apache.catalina.startup.HostConfig.deployDirectory Установка веб приложения в папку [/Users/admin/Documents/docs/labs/sem4/org/anngudin/lab1-pism/tomcat/webapps/examples]
07-May-2020 23:08:29.369 INFO [main] org.apache.jasper.servlet.TldScanner.scanJars At least one JAR was scanned for TLDs yet contained no TLDs. Enable debug logging for this logger for a complete list of JARs that were scanned but no TLDs were found in them. Skipping unneeded JARs during scanning can improve startup time and JSP compilation time.
07-May-2020 23:08:29.382 INFO [main] org.apache.catalina.startup.HostConfig.deployDirectory Deployment of web application directory [/Users/admin/Documents/docs/labs/sem4/org/anngudin/lab1-pism/tomcat/webapps/examples] has finished in [261] ms
07-May-2020 23:08:29.382 INFO [main] org.apache.catalina.startup.HostConfig.deployDirectory Установка веб приложения в папку [/Users/admin/Documents/docs/labs/sem4/org/anngudin/lab1-pism/tomcat/webapps/ROOT]
07-May-2020 23:08:29.515 INFO [main] org.apache.jasper.servlet.TldScanner.scanJars At least one JAR was scanned for TLDs yet contained no TLDs. Enable debug logging for this logger for a complete list of JARs that were scanned but no TLDs were found in them. Skipping unneeded JARs during scanning can improve startup time and JSP compilation time.
07-May-2020 23:08:29.517 INFO [main] org.apache.catalina.startup.HostConfig.deployDirectory Deployment of web application directory [/Users/admin/Documents/docs/labs/sem4/org/anngudin/lab1-pism/tomcat/webapps/ROOT] has finished in [135] ms
07-May-2020 23:08:29.518 INFO [main] org.apache.catalina.startup.HostConfig.deployDirectory Установка веб приложения в папку [/Users/admin/Documents/docs/labs/sem4/org/anngudin/lab1-pism/tomcat/webapps/host-manager]
07-May-2020 23:08:29.634 INFO [main] org.apache.jasper.servlet.TldScanner.scanJars At least one JAR was scanned for TLDs yet contained no TLDs. Enable debug logging for this logger for a complete list of JARs that were scanned but no TLDs were found in them. Skipping unneeded JARs during scanning can improve startup time and JSP compilation time.
07-May-2020 23:08:29.638 INFO [main] org.apache.catalina.startup.HostConfig.deployDirectory Deployment of web application directory [/Users/admin/Documents/docs/labs/sem4/org/anngudin/lab1-pism/tomcat/webapps/host-manager] has finished in [119] ms
07-May-2020 23:08:29.642 INFO [main] org.apache.coyote.AbstractProtocol.start Starting ProtocolHandler ["http-nio-8080"]
07-May-2020 23:08:29.648 INFO [main] org.apache.coyote.AbstractProtocol.start Starting ProtocolHandler ["ajp-nio-8009"]
07-May-2020 23:08:29.652 INFO [main] org.apache.catalina.startup.Catalina.start Server startup in [1 859] milliseconds
07-May-2020 23:36:38.328 INFO [Thread-4] org.apache.coyote.AbstractProtocol.pause Pausing ProtocolHandler ["http-nio-8080"]
07-May-2020 23:36:38.334 INFO [Thread-4] org.apache.coyote.AbstractProtocol.pause Pausing ProtocolHandler ["ajp-nio-8009"]
07-May-2020 23:36:38.341 INFO [Thread-4] org.apache.catalina.core.StandardService.stopInternal Stopping service [Catalina]
07-May-2020 23:36:38.403 INFO [Thread-4] org.apache.coyote.AbstractProtocol.stop Stopping ProtocolHandler ["http-nio-8080"]
07-May-2020 23:36:38.405 INFO [Thread-4] org.apache.coyote.AbstractProtocol.stop Stopping ProtocolHandler ["ajp-nio-8009"]
07-May-2020 23:36:38.407 INFO [Thread-4] org.apache.coyote.AbstractProtocol.destroy Destroying ProtocolHandler ["http-nio-8080"]
07-May-2020 23:36:38.408 INFO [Thread-4] org.apache.coyote.AbstractProtocol.destroy Destroying ProtocolHandler ["ajp-nio-8009"]
07-May-2020 23:37:04.323 INFO [main] org.apache.catalina.startup.VersionLoggerListener.log Server version name:   Apache Tomcat/9.0.19
07-May-2020 23:37:04.327 INFO [main] org.apache.catalina.startup.VersionLoggerListener.log Server built:          Apr 12 2019 14:22:48 UTC
07-May-2020 23:37:04.327 INFO [main] org.apache.catalina.startup.VersionLoggerListener.log Server version number: 9.0.19.0
07-May-2020 23:37:04.327 INFO [main] org.apache.catalina.startup.VersionLoggerListener.log OS Name:               Mac OS X
07-May-2020 23:37:04.327 INFO [main] org.apache.catalina.startup.VersionLoggerListener.log OS Version:            10.14.6
07-May-2020 23:37:04.328 INFO [main] org.apache.catalina.startup.VersionLoggerListener.log Architecture:          x86_64
07-May-2020 23:37:04.328 INFO [main] org.apache.catalina.startup.VersionLoggerListener.log Java Home:             /Library/Java/JavaVirtualMachines/jdk-11.0.2.jdk/Contents/Home
07-May-2020 23:37:04.328 INFO [main] org.apache.catalina.startup.VersionLoggerListener.log JVM Version:           11.0.2+9-LTS
07-May-2020 23:37:04.329 INFO [main] org.apache.catalina.startup.VersionLoggerListener.log JVM Vendor:            Oracle Corporation
07-May-2020 23:37:04.329 INFO [main] org.apache.catalina.startup.VersionLoggerListener.log CATALINA_BASE:         /Users/admin/Documents/docs/labs/sem4/org/anngudin/lab1-pism/tomcat
07-May-2020 23:37:04.329 INFO [main] org.apache.catalina.startup.VersionLoggerListener.log CATALINA_HOME:         /Users/admin/Documents/docs/labs/sem4/org/anngudin/lab1-pism/tomcat
07-May-2020 23:37:04.330 INFO [main] org.apache.catalina.startup.VersionLoggerListener.log Command line argument: --add-opens=java.base/java.lang=ALL-UNNAMED
07-May-2020 23:37:04.330 INFO [main] org.apache.catalina.startup.VersionLoggerListener.log Command line argument: --add-opens=java.base/java.io=ALL-UNNAMED
07-May-2020 23:37:04.330 INFO [main] org.apache.catalina.startup.VersionLoggerListener.log Command line argument: --add-opens=java.rmi/sun.rmi.transport=ALL-UNNAMED
07-May-2020 23:37:04.331 INFO [main] org.apache.catalina.startup.VersionLoggerListener.log Command line argument: -Djava.util.logging.config.file=/Users/admin/Documents/docs/labs/sem4/org/anngudin/lab1-pism/tomcat/conf/logging.properties
07-May-2020 23:37:04.331 INFO [main] org.apache.catalina.startup.VersionLoggerListener.log Command line argument: -Djava.util.logging.manager=org.apache.juli.ClassLoaderLogManager
07-May-2020 23:37:04.331 INFO [main] org.apache.catalina.startup.VersionLoggerListener.log Command line argument: -Djdk.tls.ephemeralDHKeySize=2048
07-May-2020 23:37:04.331 INFO [main] org.apache.catalina.startup.VersionLoggerListener.log Command line argument: -Djava.protocol.handler.pkgs=org.apache.catalina.webresources
07-May-2020 23:37:04.331 INFO [main] org.apache.catalina.startup.VersionLoggerListener.log Command line argument: -Dorg.apache.catalina.security.SecurityListener.UMASK=0027
07-May-2020 23:37:04.331 INFO [main] org.apache.catalina.startup.VersionLoggerListener.log Command line argument: -Dignore.endorsed.dirs=
07-May-2020 23:37:04.338 INFO [main] org.apache.catalina.startup.VersionLoggerListener.log Command line argument: -Dcatalina.base=/Users/admin/Documents/docs/labs/sem4/org/anngudin/lab1-pism/tomcat
07-May-2020 23:37:04.339 INFO [main] org.apache.catalina.startup.VersionLoggerListener.log Command line argument: -Dcatalina.home=/Users/admin/Documents/docs/labs/sem4/org/anngudin/lab1-pism/tomcat
07-May-2020 23:37:04.339 INFO [main] org.apache.catalina.startup.VersionLoggerListener.log Command line argument: -Djava.io.tmpdir=/Users/admin/Documents/docs/labs/sem4/org/anngudin/lab1-pism/tomcat/temp
07-May-2020 23:37:04.339 INFO [main] org.apache.catalina.core.AprLifecycleListener.lifecycleEvent The APR based Apache Tomcat Native library which allows optimal performance in production environments was not found on the java.library.path: [/Users/admin/Library/Java/Extensions:/Library/Java/Extensions:/Network/Library/Java/Extensions:/System/Library/Java/Extensions:/usr/lib/java:.]
07-May-2020 23:37:04.384 INFO [main] org.apache.coyote.AbstractProtocol.init Initializing ProtocolHandler ["http-nio-8080"]
07-May-2020 23:37:04.418 INFO [main] org.apache.coyote.AbstractProtocol.init Initializing ProtocolHandler ["ajp-nio-8009"]
07-May-2020 23:37:04.421 INFO [main] org.apache.catalina.startup.Catalina.load Server initialization in [570] milliseconds
07-May-2020 23:37:04.475 INFO [main] org.apache.catalina.core.StandardService.startInternal Starting service [Catalina]
07-May-2020 23:37:04.476 INFO [main] org.apache.catalina.core.StandardEngine.startInternal Starting Servlet engine: [Apache Tomcat/9.0.19]
07-May-2020 23:37:04.483 INFO [main] org.apache.catalina.startup.HostConfig.deployDirectory Установка веб приложения в папку [/Users/admin/Documents/docs/labs/sem4/org/anngudin/lab1-pism/tomcat/webapps/lab6]
07-May-2020 23:37:05.787 INFO [main] org.apache.jasper.servlet.TldScanner.scanJars At least one JAR was scanned for TLDs yet contained no TLDs. Enable debug logging for this logger for a complete list of JARs that were scanned but no TLDs were found in them. Skipping unneeded JARs during scanning can improve startup time and JSP compilation time.
07-May-2020 23:37:05.839 INFO [main] org.apache.catalina.startup.HostConfig.deployDirectory Deployment of web application directory [/Users/admin/Documents/docs/labs/sem4/org/anngudin/lab1-pism/tomcat/webapps/lab6] has finished in [1 356] ms
07-May-2020 23:37:05.839 INFO [main] org.apache.catalina.startup.HostConfig.deployDirectory Установка веб приложения в папку [/Users/admin/Documents/docs/labs/sem4/org/anngudin/lab1-pism/tomcat/webapps/docs]
07-May-2020 23:37:05.979 INFO [main] org.apache.jasper.servlet.TldScanner.scanJars At least one JAR was scanned for TLDs yet contained no TLDs. Enable debug logging for this logger for a complete list of JARs that were scanned but no TLDs were found in them. Skipping unneeded JARs during scanning can improve startup time and JSP compilation time.
07-May-2020 23:37:05.983 INFO [main] org.apache.catalina.startup.HostConfig.deployDirectory Deployment of web application directory [/Users/admin/Documents/docs/labs/sem4/org/anngudin/lab1-pism/tomcat/webapps/docs] has finished in [143] ms
07-May-2020 23:37:05.983 INFO [main] org.apache.catalina.startup.HostConfig.deployDirectory Установка веб приложения в папку [/Users/admin/Documents/docs/labs/sem4/org/anngudin/lab1-pism/tomcat/webapps/manager]
07-May-2020 23:37:06.132 INFO [main] org.apache.jasper.servlet.TldScanner.scanJars At least one JAR was scanned for TLDs yet contained no TLDs. Enable debug logging for this logger for a complete list of JARs that were scanned but no TLDs were found in them. Skipping unneeded JARs during scanning can improve startup time and JSP compilation time.
07-May-2020 23:37:06.139 INFO [main] org.apache.catalina.startup.HostConfig.deployDirectory Deployment of web application directory [/Users/admin/Documents/docs/labs/sem4/org/anngudin/lab1-pism/tomcat/webapps/manager] has finished in [156] ms
07-May-2020 23:37:06.140 INFO [main] org.apache.catalina.startup.HostConfig.deployDirectory Установка веб приложения в папку [/Users/admin/Documents/docs/labs/sem4/org/anngudin/lab1-pism/tomcat/webapps/examples]
07-May-2020 23:37:06.407 INFO [main] org.apache.jasper.servlet.TldScanner.scanJars At least one JAR was scanned for TLDs yet contained no TLDs. Enable debug logging for this logger for a complete list of JARs that were scanned but no TLDs were found in them. Skipping unneeded JARs during scanning can improve startup time and JSP compilation time.
07-May-2020 23:37:06.425 INFO [main] org.apache.catalina.startup.HostConfig.deployDirectory Deployment of web application directory [/Users/admin/Documents/docs/labs/sem4/org/anngudin/lab1-pism/tomcat/webapps/examples] has finished in [285] ms
07-May-2020 23:37:06.425 INFO [main] org.apache.catalina.startup.HostConfig.deployDirectory Установка веб приложения в папку [/Users/admin/Documents/docs/labs/sem4/org/anngudin/lab1-pism/tomcat/webapps/ROOT]
07-May-2020 23:37:06.561 INFO [main] org.apache.jasper.servlet.TldScanner.scanJars At least one JAR was scanned for TLDs yet contained no TLDs. Enable debug logging for this logger for a complete list of JARs that were scanned but no TLDs were found in them. Skipping unneeded JARs during scanning can improve startup time and JSP compilation time.
07-May-2020 23:37:06.564 INFO [main] org.apache.catalina.startup.HostConfig.deployDirectory Deployment of web application directory [/Users/admin/Documents/docs/labs/sem4/org/anngudin/lab1-pism/tomcat/webapps/ROOT] has finished in [139] ms
07-May-2020 23:37:06.564 INFO [main] org.apache.catalina.startup.HostConfig.deployDirectory Установка веб приложения в папку [/Users/admin/Documents/docs/labs/sem4/org/anngudin/lab1-pism/tomcat/webapps/host-manager]
07-May-2020 23:37:06.887 INFO [main] org.apache.jasper.servlet.TldScanner.scanJars At least one JAR was scanned for TLDs yet contained no TLDs. Enable debug logging for this logger for a complete list of JARs that were scanned but no TLDs were found in them. Skipping unneeded JARs during scanning can improve startup time and JSP compilation time.
07-May-2020 23:37:06.891 INFO [main] org.apache.catalina.startup.HostConfig.deployDirectory Deployment of web application directory [/Users/admin/Documents/docs/labs/sem4/org/anngudin/lab1-pism/tomcat/webapps/host-manager] has finished in [326] ms
07-May-2020 23:37:06.896 INFO [main] org.apache.coyote.AbstractProtocol.start Starting ProtocolHandler ["http-nio-8080"]
07-May-2020 23:37:06.912 INFO [main] org.apache.coyote.AbstractProtocol.start Starting ProtocolHandler ["ajp-nio-8009"]
07-May-2020 23:37:06.915 INFO [main] org.apache.catalina.startup.Catalina.start Server startup in [2 493] milliseconds
07-May-2020 23:38:13.958 INFO [Thread-4] org.apache.coyote.AbstractProtocol.pause Pausing ProtocolHandler ["http-nio-8080"]
07-May-2020 23:38:13.963 INFO [Thread-4] org.apache.coyote.AbstractProtocol.pause Pausing ProtocolHandler ["ajp-nio-8009"]
07-May-2020 23:38:13.970 INFO [Thread-4] org.apache.catalina.core.StandardService.stopInternal Stopping service [Catalina]
07-May-2020 23:38:14.020 INFO [Thread-4] org.apache.coyote.AbstractProtocol.stop Stopping ProtocolHandler ["http-nio-8080"]
07-May-2020 23:38:14.023 INFO [Thread-4] org.apache.coyote.AbstractProtocol.stop Stopping ProtocolHandler ["ajp-nio-8009"]
07-May-2020 23:38:14.025 INFO [Thread-4] org.apache.coyote.AbstractProtocol.destroy Destroying ProtocolHandler ["http-nio-8080"]
07-May-2020 23:38:14.026 INFO [Thread-4] org.apache.coyote.AbstractProtocol.destroy Destroying ProtocolHandler ["ajp-nio-8009"]
07-May-2020 23:38:34.579 INFO [main] org.apache.catalina.startup.VersionLoggerListener.log Server version name:   Apache Tomcat/9.0.19
07-May-2020 23:38:34.582 INFO [main] org.apache.catalina.startup.VersionLoggerListener.log Server built:          Apr 12 2019 14:22:48 UTC
07-May-2020 23:38:34.582 INFO [main] org.apache.catalina.startup.VersionLoggerListener.log Server version number: 9.0.19.0
07-May-2020 23:38:34.583 INFO [main] org.apache.catalina.startup.VersionLoggerListener.log OS Name:               Mac OS X
07-May-2020 23:38:34.583 INFO [main] org.apache.catalina.startup.VersionLoggerListener.log OS Version:            10.14.6
07-May-2020 23:38:34.583 INFO [main] org.apache.catalina.startup.VersionLoggerListener.log Architecture:          x86_64
07-May-2020 23:38:34.583 INFO [main] org.apache.catalina.startup.VersionLoggerListener.log Java Home:             /Library/Java/JavaVirtualMachines/jdk-11.0.2.jdk/Contents/Home
07-May-2020 23:38:34.583 INFO [main] org.apache.catalina.startup.VersionLoggerListener.log JVM Version:           11.0.2+9-LTS
07-May-2020 23:38:34.583 INFO [main] org.apache.catalina.startup.VersionLoggerListener.log JVM Vendor:            Oracle Corporation
07-May-2020 23:38:34.584 INFO [main] org.apache.catalina.startup.VersionLoggerListener.log CATALINA_BASE:         /Users/admin/Documents/docs/labs/sem4/org/anngudin/lab1-pism/tomcat
07-May-2020 23:38:34.584 INFO [main] org.apache.catalina.startup.VersionLoggerListener.log CATALINA_HOME:         /Users/admin/Documents/docs/labs/sem4/org/anngudin/lab1-pism/tomcat
07-May-2020 23:38:34.587 INFO [main] org.apache.catalina.startup.VersionLoggerListener.log Command line argument: --add-opens=java.base/java.lang=ALL-UNNAMED
07-May-2020 23:38:34.587 INFO [main] org.apache.catalina.startup.VersionLoggerListener.log Command line argument: --add-opens=java.base/java.io=ALL-UNNAMED
07-May-2020 23:38:34.587 INFO [main] org.apache.catalina.startup.VersionLoggerListener.log Command line argument: --add-opens=java.rmi/sun.rmi.transport=ALL-UNNAMED
07-May-2020 23:38:34.591 INFO [main] org.apache.catalina.startup.VersionLoggerListener.log Command line argument: -Djava.util.logging.config.file=/Users/admin/Documents/docs/labs/sem4/org/anngudin/lab1-pism/tomcat/conf/logging.properties
07-May-2020 23:38:34.592 INFO [main] org.apache.catalina.startup.VersionLoggerListener.log Command line argument: -Djava.util.logging.manager=org.apache.juli.ClassLoaderLogManager
07-May-2020 23:38:34.592 INFO [main] org.apache.catalina.startup.VersionLoggerListener.log Command line argument: -Djdk.tls.ephemeralDHKeySize=2048
07-May-2020 23:38:34.592 INFO [main] org.apache.catalina.startup.VersionLoggerListener.log Command line argument: -Djava.protocol.handler.pkgs=org.apache.catalina.webresources
07-May-2020 23:38:34.593 INFO [main] org.apache.catalina.startup.VersionLoggerListener.log Command line argument: -Dorg.apache.catalina.security.SecurityListener.UMASK=0027
07-May-2020 23:38:34.593 INFO [main] org.apache.catalina.startup.VersionLoggerListener.log Command line argument: -Dignore.endorsed.dirs=
07-May-2020 23:38:34.593 INFO [main] org.apache.catalina.startup.VersionLoggerListener.log Command line argument: -Dcatalina.base=/Users/admin/Documents/docs/labs/sem4/org/anngudin/lab1-pism/tomcat
07-May-2020 23:38:34.593 INFO [main] org.apache.catalina.startup.VersionLoggerListener.log Command line argument: -Dcatalina.home=/Users/admin/Documents/docs/labs/sem4/org/anngudin/lab1-pism/tomcat
07-May-2020 23:38:34.593 INFO [main] org.apache.catalina.startup.VersionLoggerListener.log Command line argument: -Djava.io.tmpdir=/Users/admin/Documents/docs/labs/sem4/org/anngudin/lab1-pism/tomcat/temp
07-May-2020 23:38:34.593 INFO [main] org.apache.catalina.core.AprLifecycleListener.lifecycleEvent The APR based Apache Tomcat Native library which allows optimal performance in production environments was not found on the java.library.path: [/Users/admin/Library/Java/Extensions:/Library/Java/Extensions:/Network/Library/Java/Extensions:/System/Library/Java/Extensions:/usr/lib/java:.]
07-May-2020 23:38:34.638 INFO [main] org.apache.coyote.AbstractProtocol.init Initializing ProtocolHandler ["http-nio-8080"]
07-May-2020 23:38:34.673 INFO [main] org.apache.coyote.AbstractProtocol.init Initializing ProtocolHandler ["ajp-nio-8009"]
07-May-2020 23:38:34.679 INFO [main] org.apache.catalina.startup.Catalina.load Server initialization in [525] milliseconds
07-May-2020 23:38:34.739 INFO [main] org.apache.catalina.core.StandardService.startInternal Starting service [Catalina]
07-May-2020 23:38:34.739 INFO [main] org.apache.catalina.core.StandardEngine.startInternal Starting Servlet engine: [Apache Tomcat/9.0.19]
07-May-2020 23:38:34.746 INFO [main] org.apache.catalina.startup.HostConfig.deployDirectory Установка веб приложения в папку [/Users/admin/Documents/docs/labs/sem4/org/anngudin/lab1-pism/tomcat/webapps/lab6]
07-May-2020 23:38:35.724 INFO [main] org.apache.jasper.servlet.TldScanner.scanJars At least one JAR was scanned for TLDs yet contained no TLDs. Enable debug logging for this logger for a complete list of JARs that were scanned but no TLDs were found in them. Skipping unneeded JARs during scanning can improve startup time and JSP compilation time.
07-May-2020 23:38:35.776 INFO [main] org.apache.catalina.startup.HostConfig.deployDirectory Deployment of web application directory [/Users/admin/Documents/docs/labs/sem4/org/anngudin/lab1-pism/tomcat/webapps/lab6] has finished in [1 029] ms
07-May-2020 23:38:35.776 INFO [main] org.apache.catalina.startup.HostConfig.deployDirectory Установка веб приложения в папку [/Users/admin/Documents/docs/labs/sem4/org/anngudin/lab1-pism/tomcat/webapps/docs]
07-May-2020 23:38:35.919 INFO [main] org.apache.jasper.servlet.TldScanner.scanJars At least one JAR was scanned for TLDs yet contained no TLDs. Enable debug logging for this logger for a complete list of JARs that were scanned but no TLDs were found in them. Skipping unneeded JARs during scanning can improve startup time and JSP compilation time.
07-May-2020 23:38:35.921 INFO [main] org.apache.catalina.startup.HostConfig.deployDirectory Deployment of web application directory [/Users/admin/Documents/docs/labs/sem4/org/anngudin/lab1-pism/tomcat/webapps/docs] has finished in [145] ms
07-May-2020 23:38:35.922 INFO [main] org.apache.catalina.startup.HostConfig.deployDirectory Установка веб приложения в папку [/Users/admin/Documents/docs/labs/sem4/org/anngudin/lab1-pism/tomcat/webapps/manager]
07-May-2020 23:38:36.079 INFO [main] org.apache.jasper.servlet.TldScanner.scanJars At least one JAR was scanned for TLDs yet contained no TLDs. Enable debug logging for this logger for a complete list of JARs that were scanned but no TLDs were found in them. Skipping unneeded JARs during scanning can improve startup time and JSP compilation time.
07-May-2020 23:38:36.085 INFO [main] org.apache.catalina.startup.HostConfig.deployDirectory Deployment of web application directory [/Users/admin/Documents/docs/labs/sem4/org/anngudin/lab1-pism/tomcat/webapps/manager] has finished in [163] ms
07-May-2020 23:38:36.086 INFO [main] org.apache.catalina.startup.HostConfig.deployDirectory Установка веб приложения в папку [/Users/admin/Documents/docs/labs/sem4/org/anngudin/lab1-pism/tomcat/webapps/examples]
07-May-2020 23:38:36.328 INFO [main] org.apache.jasper.servlet.TldScanner.scanJars At least one JAR was scanned for TLDs yet contained no TLDs. Enable debug logging for this logger for a complete list of JARs that were scanned but no TLDs were found in them. Skipping unneeded JARs during scanning can improve startup time and JSP compilation time.
07-May-2020 23:38:36.346 INFO [main] org.apache.catalina.startup.HostConfig.deployDirectory Deployment of web application directory [/Users/admin/Documents/docs/labs/sem4/org/anngudin/lab1-pism/tomcat/webapps/examples] has finished in [261] ms
07-May-2020 23:38:36.346 INFO [main] org.apache.catalina.startup.HostConfig.deployDirectory Установка веб приложения в папку [/Users/admin/Documents/docs/labs/sem4/org/anngudin/lab1-pism/tomcat/webapps/ROOT]
07-May-2020 23:38:36.497 INFO [main] org.apache.jasper.servlet.TldScanner.scanJars At least one JAR was scanned for TLDs yet contained no TLDs. Enable debug logging for this logger for a complete list of JARs that were scanned but no TLDs were found in them. Skipping unneeded JARs during scanning can improve startup time and JSP compilation time.
07-May-2020 23:38:36.500 INFO [main] org.apache.catalina.startup.HostConfig.deployDirectory Deployment of web application directory [/Users/admin/Documents/docs/labs/sem4/org/anngudin/lab1-pism/tomcat/webapps/ROOT] has finished in [154] ms
07-May-2020 23:38:36.500 INFO [main] org.apache.catalina.startup.HostConfig.deployDirectory Установка веб приложения в папку [/Users/admin/Documents/docs/labs/sem4/org/anngudin/lab1-pism/tomcat/webapps/host-manager]
07-May-2020 23:38:36.635 INFO [main] org.apache.jasper.servlet.TldScanner.scanJars At least one JAR was scanned for TLDs yet contained no TLDs. Enable debug logging for this logger for a complete list of JARs that were scanned but no TLDs were found in them. Skipping unneeded JARs during scanning can improve startup time and JSP compilation time.
07-May-2020 23:38:36.638 INFO [main] org.apache.catalina.startup.HostConfig.deployDirectory Deployment of web application directory [/Users/admin/Documents/docs/labs/sem4/org/anngudin/lab1-pism/tomcat/webapps/host-manager] has finished in [138] ms
07-May-2020 23:38:36.643 INFO [main] org.apache.coyote.AbstractProtocol.start Starting ProtocolHandler ["http-nio-8080"]
07-May-2020 23:38:36.650 INFO [main] org.apache.coyote.AbstractProtocol.start Starting ProtocolHandler ["ajp-nio-8009"]
07-May-2020 23:38:36.654 INFO [main] org.apache.catalina.startup.Catalina.start Server startup in [1 974] milliseconds
07-May-2020 23:40:06.994 INFO [Thread-4] org.apache.coyote.AbstractProtocol.pause Pausing ProtocolHandler ["http-nio-8080"]
07-May-2020 23:40:06.999 INFO [Thread-4] org.apache.coyote.AbstractProtocol.pause Pausing ProtocolHandler ["ajp-nio-8009"]
07-May-2020 23:40:07.006 INFO [Thread-4] org.apache.catalina.core.StandardService.stopInternal Stopping service [Catalina]
07-May-2020 23:40:07.053 INFO [Thread-4] org.apache.coyote.AbstractProtocol.stop Stopping ProtocolHandler ["http-nio-8080"]
07-May-2020 23:40:07.055 INFO [Thread-4] org.apache.coyote.AbstractProtocol.stop Stopping ProtocolHandler ["ajp-nio-8009"]
07-May-2020 23:40:07.058 INFO [Thread-4] org.apache.coyote.AbstractProtocol.destroy Destroying ProtocolHandler ["http-nio-8080"]
07-May-2020 23:40:07.059 INFO [Thread-4] org.apache.coyote.AbstractProtocol.destroy Destroying ProtocolHandler ["ajp-nio-8009"]
07-May-2020 23:40:22.012 INFO [main] org.apache.catalina.startup.VersionLoggerListener.log Server version name:   Apache Tomcat/9.0.19
07-May-2020 23:40:22.015 INFO [main] org.apache.catalina.startup.VersionLoggerListener.log Server built:          Apr 12 2019 14:22:48 UTC
07-May-2020 23:40:22.016 INFO [main] org.apache.catalina.startup.VersionLoggerListener.log Server version number: 9.0.19.0
07-May-2020 23:40:22.016 INFO [main] org.apache.catalina.startup.VersionLoggerListener.log OS Name:               Mac OS X
07-May-2020 23:40:22.016 INFO [main] org.apache.catalina.startup.VersionLoggerListener.log OS Version:            10.14.6
07-May-2020 23:40:22.016 INFO [main] org.apache.catalina.startup.VersionLoggerListener.log Architecture:          x86_64
07-May-2020 23:40:22.017 INFO [main] org.apache.catalina.startup.VersionLoggerListener.log Java Home:             /Library/Java/JavaVirtualMachines/jdk-11.0.2.jdk/Contents/Home
07-May-2020 23:40:22.017 INFO [main] org.apache.catalina.startup.VersionLoggerListener.log JVM Version:           11.0.2+9-LTS
07-May-2020 23:40:22.017 INFO [main] org.apache.catalina.startup.VersionLoggerListener.log JVM Vendor:            Oracle Corporation
07-May-2020 23:40:22.017 INFO [main] org.apache.catalina.startup.VersionLoggerListener.log CATALINA_BASE:         /Users/admin/Documents/docs/labs/sem4/org/anngudin/lab1-pism/tomcat
07-May-2020 23:40:22.018 INFO [main] org.apache.catalina.startup.VersionLoggerListener.log CATALINA_HOME:         /Users/admin/Documents/docs/labs/sem4/org/anngudin/lab1-pism/tomcat
07-May-2020 23:40:22.020 INFO [main] org.apache.catalina.startup.VersionLoggerListener.log Command line argument: --add-opens=java.base/java.lang=ALL-UNNAMED
07-May-2020 23:40:22.020 INFO [main] org.apache.catalina.startup.VersionLoggerListener.log Command line argument: --add-opens=java.base/java.io=ALL-UNNAMED
07-May-2020 23:40:22.026 INFO [main] org.apache.catalina.startup.VersionLoggerListener.log Command line argument: --add-opens=java.rmi/sun.rmi.transport=ALL-UNNAMED
07-May-2020 23:40:22.026 INFO [main] org.apache.catalina.startup.VersionLoggerListener.log Command line argument: -Djava.util.logging.config.file=/Users/admin/Documents/docs/labs/sem4/org/anngudin/lab1-pism/tomcat/conf/logging.properties
07-May-2020 23:40:22.027 INFO [main] org.apache.catalina.startup.VersionLoggerListener.log Command line argument: -Djava.util.logging.manager=org.apache.juli.ClassLoaderLogManager
07-May-2020 23:40:22.027 INFO [main] org.apache.catalina.startup.VersionLoggerListener.log Command line argument: -Djdk.tls.ephemeralDHKeySize=2048
07-May-2020 23:40:22.027 INFO [main] org.apache.catalina.startup.VersionLoggerListener.log Command line argument: -Djava.protocol.handler.pkgs=org.apache.catalina.webresources
07-May-2020 23:40:22.028 INFO [main] org.apache.catalina.startup.VersionLoggerListener.log Command line argument: -Dorg.apache.catalina.security.SecurityListener.UMASK=0027
07-May-2020 23:40:22.028 INFO [main] org.apache.catalina.startup.VersionLoggerListener.log Command line argument: -Dignore.endorsed.dirs=
07-May-2020 23:40:22.028 INFO [main] org.apache.catalina.startup.VersionLoggerListener.log Command line argument: -Dcatalina.base=/Users/admin/Documents/docs/labs/sem4/org/anngudin/lab1-pism/tomcat
07-May-2020 23:40:22.028 INFO [main] org.apache.catalina.startup.VersionLoggerListener.log Command line argument: -Dcatalina.home=/Users/admin/Documents/docs/labs/sem4/org/anngudin/lab1-pism/tomcat
07-May-2020 23:40:22.029 INFO [main] org.apache.catalina.startup.VersionLoggerListener.log Command line argument: -Djava.io.tmpdir=/Users/admin/Documents/docs/labs/sem4/org/anngudin/lab1-pism/tomcat/temp
07-May-2020 23:40:22.029 INFO [main] org.apache.catalina.core.AprLifecycleListener.lifecycleEvent The APR based Apache Tomcat Native library which allows optimal performance in production environments was not found on the java.library.path: [/Users/admin/Library/Java/Extensions:/Library/Java/Extensions:/Network/Library/Java/Extensions:/System/Library/Java/Extensions:/usr/lib/java:.]
07-May-2020 23:40:22.071 INFO [main] org.apache.coyote.AbstractProtocol.init Initializing ProtocolHandler ["http-nio-8080"]
07-May-2020 23:40:22.110 INFO [main] org.apache.coyote.AbstractProtocol.init Initializing ProtocolHandler ["ajp-nio-8009"]
07-May-2020 23:40:22.114 INFO [main] org.apache.catalina.startup.Catalina.load Server initialization in [526] milliseconds
07-May-2020 23:40:22.176 INFO [main] org.apache.catalina.core.StandardService.startInternal Starting service [Catalina]
07-May-2020 23:40:22.176 INFO [main] org.apache.catalina.core.StandardEngine.startInternal Starting Servlet engine: [Apache Tomcat/9.0.19]
07-May-2020 23:40:22.185 INFO [main] org.apache.catalina.startup.HostConfig.deployDirectory Установка веб приложения в папку [/Users/admin/Documents/docs/labs/sem4/org/anngudin/lab1-pism/tomcat/webapps/lab6]
07-May-2020 23:40:23.119 INFO [main] org.apache.jasper.servlet.TldScanner.scanJars At least one JAR was scanned for TLDs yet contained no TLDs. Enable debug logging for this logger for a complete list of JARs that were scanned but no TLDs were found in them. Skipping unneeded JARs during scanning can improve startup time and JSP compilation time.
07-May-2020 23:40:23.176 INFO [main] org.apache.catalina.startup.HostConfig.deployDirectory Deployment of web application directory [/Users/admin/Documents/docs/labs/sem4/org/anngudin/lab1-pism/tomcat/webapps/lab6] has finished in [990] ms
07-May-2020 23:40:23.176 INFO [main] org.apache.catalina.startup.HostConfig.deployDirectory Установка веб приложения в папку [/Users/admin/Documents/docs/labs/sem4/org/anngudin/lab1-pism/tomcat/webapps/docs]
07-May-2020 23:40:23.329 INFO [main] org.apache.jasper.servlet.TldScanner.scanJars At least one JAR was scanned for TLDs yet contained no TLDs. Enable debug logging for this logger for a complete list of JARs that were scanned but no TLDs were found in them. Skipping unneeded JARs during scanning can improve startup time and JSP compilation time.
07-May-2020 23:40:23.332 INFO [main] org.apache.catalina.startup.HostConfig.deployDirectory Deployment of web application directory [/Users/admin/Documents/docs/labs/sem4/org/anngudin/lab1-pism/tomcat/webapps/docs] has finished in [156] ms
07-May-2020 23:40:23.332 INFO [main] org.apache.catalina.startup.HostConfig.deployDirectory Установка веб приложения в папку [/Users/admin/Documents/docs/labs/sem4/org/anngudin/lab1-pism/tomcat/webapps/manager]
07-May-2020 23:40:23.488 INFO [main] org.apache.jasper.servlet.TldScanner.scanJars At least one JAR was scanned for TLDs yet contained no TLDs. Enable debug logging for this logger for a complete list of JARs that were scanned but no TLDs were found in them. Skipping unneeded JARs during scanning can improve startup time and JSP compilation time.
07-May-2020 23:40:23.495 INFO [main] org.apache.catalina.startup.HostConfig.deployDirectory Deployment of web application directory [/Users/admin/Documents/docs/labs/sem4/org/anngudin/lab1-pism/tomcat/webapps/manager] has finished in [163] ms
07-May-2020 23:40:23.496 INFO [main] org.apache.catalina.startup.HostConfig.deployDirectory Установка веб приложения в папку [/Users/admin/Documents/docs/labs/sem4/org/anngudin/lab1-pism/tomcat/webapps/examples]
07-May-2020 23:40:23.732 INFO [main] org.apache.jasper.servlet.TldScanner.scanJars At least one JAR was scanned for TLDs yet contained no TLDs. Enable debug logging for this logger for a complete list of JARs that were scanned but no TLDs were found in them. Skipping unneeded JARs during scanning can improve startup time and JSP compilation time.
07-May-2020 23:40:23.750 INFO [main] org.apache.catalina.startup.HostConfig.deployDirectory Deployment of web application directory [/Users/admin/Documents/docs/labs/sem4/org/anngudin/lab1-pism/tomcat/webapps/examples] has finished in [255] ms
07-May-2020 23:40:23.751 INFO [main] org.apache.catalina.startup.HostConfig.deployDirectory Установка веб приложения в папку [/Users/admin/Documents/docs/labs/sem4/org/anngudin/lab1-pism/tomcat/webapps/ROOT]
07-May-2020 23:40:23.906 INFO [main] org.apache.jasper.servlet.TldScanner.scanJars At least one JAR was scanned for TLDs yet contained no TLDs. Enable debug logging for this logger for a complete list of JARs that were scanned but no TLDs were found in them. Skipping unneeded JARs during scanning can improve startup time and JSP compilation time.
07-May-2020 23:40:23.908 INFO [main] org.apache.catalina.startup.HostConfig.deployDirectory Deployment of web application directory [/Users/admin/Documents/docs/labs/sem4/org/anngudin/lab1-pism/tomcat/webapps/ROOT] has finished in [158] ms
07-May-2020 23:40:23.909 INFO [main] org.apache.catalina.startup.HostConfig.deployDirectory Установка веб приложения в папку [/Users/admin/Documents/docs/labs/sem4/org/anngudin/lab1-pism/tomcat/webapps/host-manager]
07-May-2020 23:40:24.070 INFO [main] org.apache.jasper.servlet.TldScanner.scanJars At least one JAR was scanned for TLDs yet contained no TLDs. Enable debug logging for this logger for a complete list of JARs that were scanned but no TLDs were found in them. Skipping unneeded JARs during scanning can improve startup time and JSP compilation time.
07-May-2020 23:40:24.073 INFO [main] org.apache.catalina.startup.HostConfig.deployDirectory Deployment of web application directory [/Users/admin/Documents/docs/labs/sem4/org/anngudin/lab1-pism/tomcat/webapps/host-manager] has finished in [164] ms
07-May-2020 23:40:24.080 INFO [main] org.apache.coyote.AbstractProtocol.start Starting ProtocolHandler ["http-nio-8080"]
07-May-2020 23:40:24.087 INFO [main] org.apache.coyote.AbstractProtocol.start Starting ProtocolHandler ["ajp-nio-8009"]
07-May-2020 23:40:24.091 INFO [main] org.apache.catalina.startup.Catalina.start Server startup in [1 976] milliseconds
07-May-2020 23:53:52.288 INFO [Thread-4] org.apache.coyote.AbstractProtocol.pause Pausing ProtocolHandler ["http-nio-8080"]
07-May-2020 23:53:52.293 INFO [Thread-4] org.apache.coyote.AbstractProtocol.pause Pausing ProtocolHandler ["ajp-nio-8009"]
07-May-2020 23:53:52.300 INFO [Thread-4] org.apache.catalina.core.StandardService.stopInternal Stopping service [Catalina]
07-May-2020 23:53:52.349 INFO [Thread-4] org.apache.coyote.AbstractProtocol.stop Stopping ProtocolHandler ["http-nio-8080"]
07-May-2020 23:53:52.352 INFO [Thread-4] org.apache.coyote.AbstractProtocol.stop Stopping ProtocolHandler ["ajp-nio-8009"]
07-May-2020 23:53:52.354 INFO [Thread-4] org.apache.coyote.AbstractProtocol.destroy Destroying ProtocolHandler ["http-nio-8080"]
07-May-2020 23:53:52.355 INFO [Thread-4] org.apache.coyote.AbstractProtocol.destroy Destroying ProtocolHandler ["ajp-nio-8009"]
