25-Mar-2020 15:26:48.926 INFO [main] org.apache.catalina.startup.VersionLoggerListener.log Server version name:   Apache Tomcat/9.0.19
25-Mar-2020 15:26:48.930 INFO [main] org.apache.catalina.startup.VersionLoggerListener.log Server built:          Apr 12 2019 14:22:48 UTC
25-Mar-2020 15:26:48.930 INFO [main] org.apache.catalina.startup.VersionLoggerListener.log Server version number: 9.0.19.0
25-Mar-2020 15:26:48.931 INFO [main] org.apache.catalina.startup.VersionLoggerListener.log OS Name:               Mac OS X
25-Mar-2020 15:26:48.931 INFO [main] org.apache.catalina.startup.VersionLoggerListener.log OS Version:            10.14.6
25-Mar-2020 15:26:48.931 INFO [main] org.apache.catalina.startup.VersionLoggerListener.log Architecture:          x86_64
25-Mar-2020 15:26:48.932 INFO [main] org.apache.catalina.startup.VersionLoggerListener.log Java Home:             /Library/Java/JavaVirtualMachines/jdk-11.0.2.jdk/Contents/Home
25-Mar-2020 15:26:48.932 INFO [main] org.apache.catalina.startup.VersionLoggerListener.log JVM Version:           11.0.2+9-LTS
25-Mar-2020 15:26:48.932 INFO [main] org.apache.catalina.startup.VersionLoggerListener.log JVM Vendor:            Oracle Corporation
25-Mar-2020 15:26:48.933 INFO [main] org.apache.catalina.startup.VersionLoggerListener.log CATALINA_BASE:         /Users/admin/Documents/docs/labs/sem4/org/anngudin/lab1-pism/tomcat
25-Mar-2020 15:26:48.933 INFO [main] org.apache.catalina.startup.VersionLoggerListener.log CATALINA_HOME:         /Users/admin/Documents/docs/labs/sem4/org/anngudin/lab1-pism/tomcat
25-Mar-2020 15:26:48.934 INFO [main] org.apache.catalina.startup.VersionLoggerListener.log Command line argument: --add-opens=java.base/java.lang=ALL-UNNAMED
25-Mar-2020 15:26:48.935 INFO [main] org.apache.catalina.startup.VersionLoggerListener.log Command line argument: --add-opens=java.base/java.io=ALL-UNNAMED
25-Mar-2020 15:26:48.935 INFO [main] org.apache.catalina.startup.VersionLoggerListener.log Command line argument: --add-opens=java.rmi/sun.rmi.transport=ALL-UNNAMED
25-Mar-2020 15:26:48.941 INFO [main] org.apache.catalina.startup.VersionLoggerListener.log Command line argument: -Djava.util.logging.config.file=/Users/admin/Documents/docs/labs/sem4/org/anngudin/lab1-pism/tomcat/conf/logging.properties
25-Mar-2020 15:26:48.941 INFO [main] org.apache.catalina.startup.VersionLoggerListener.log Command line argument: -Djava.util.logging.manager=org.apache.juli.ClassLoaderLogManager
25-Mar-2020 15:26:48.941 INFO [main] org.apache.catalina.startup.VersionLoggerListener.log Command line argument: -Djdk.tls.ephemeralDHKeySize=2048
25-Mar-2020 15:26:48.942 INFO [main] org.apache.catalina.startup.VersionLoggerListener.log Command line argument: -Djava.protocol.handler.pkgs=org.apache.catalina.webresources
25-Mar-2020 15:26:48.942 INFO [main] org.apache.catalina.startup.VersionLoggerListener.log Command line argument: -Dorg.apache.catalina.security.SecurityListener.UMASK=0027
25-Mar-2020 15:26:48.942 INFO [main] org.apache.catalina.startup.VersionLoggerListener.log Command line argument: -Dignore.endorsed.dirs=
25-Mar-2020 15:26:48.942 INFO [main] org.apache.catalina.startup.VersionLoggerListener.log Command line argument: -Dcatalina.base=/Users/admin/Documents/docs/labs/sem4/org/anngudin/lab1-pism/tomcat
25-Mar-2020 15:26:48.942 INFO [main] org.apache.catalina.startup.VersionLoggerListener.log Command line argument: -Dcatalina.home=/Users/admin/Documents/docs/labs/sem4/org/anngudin/lab1-pism/tomcat
25-Mar-2020 15:26:48.943 INFO [main] org.apache.catalina.startup.VersionLoggerListener.log Command line argument: -Djava.io.tmpdir=/Users/admin/Documents/docs/labs/sem4/org/anngudin/lab1-pism/tomcat/temp
25-Mar-2020 15:26:48.943 INFO [main] org.apache.catalina.core.AprLifecycleListener.lifecycleEvent The APR based Apache Tomcat Native library which allows optimal performance in production environments was not found on the java.library.path: [/Users/admin/Library/Java/Extensions:/Library/Java/Extensions:/Network/Library/Java/Extensions:/System/Library/Java/Extensions:/usr/lib/java:.]
25-Mar-2020 15:26:49.099 INFO [main] org.apache.coyote.AbstractProtocol.init Initializing ProtocolHandler ["http-nio-8080"]
25-Mar-2020 15:26:49.392 INFO [main] org.apache.coyote.AbstractProtocol.init Initializing ProtocolHandler ["ajp-nio-8009"]
25-Mar-2020 15:26:49.396 INFO [main] org.apache.catalina.startup.Catalina.load Server initialization in [900] milliseconds
25-Mar-2020 15:26:49.446 INFO [main] org.apache.catalina.core.StandardService.startInternal Starting service [Catalina]
25-Mar-2020 15:26:49.446 INFO [main] org.apache.catalina.core.StandardEngine.startInternal Starting Servlet engine: [Apache Tomcat/9.0.19]
25-Mar-2020 15:26:49.453 INFO [main] org.apache.catalina.startup.HostConfig.deployDirectory Установка веб приложения в папку [/Users/admin/Documents/docs/labs/sem4/org/anngudin/lab1-pism/tomcat/webapps/lab6]
25-Mar-2020 15:26:50.320 INFO [main] org.apache.jasper.servlet.TldScanner.scanJars At least one JAR was scanned for TLDs yet contained no TLDs. Enable debug logging for this logger for a complete list of JARs that were scanned but no TLDs were found in them. Skipping unneeded JARs during scanning can improve startup time and JSP compilation time.
25-Mar-2020 15:26:50.380 INFO [main] org.apache.catalina.startup.HostConfig.deployDirectory Deployment of web application directory [/Users/admin/Documents/docs/labs/sem4/org/anngudin/lab1-pism/tomcat/webapps/lab6] has finished in [927] ms
25-Mar-2020 15:26:50.380 INFO [main] org.apache.catalina.startup.HostConfig.deployDirectory Установка веб приложения в папку [/Users/admin/Documents/docs/labs/sem4/org/anngudin/lab1-pism/tomcat/webapps/docs]
25-Mar-2020 15:26:50.533 INFO [main] org.apache.jasper.servlet.TldScanner.scanJars At least one JAR was scanned for TLDs yet contained no TLDs. Enable debug logging for this logger for a complete list of JARs that were scanned but no TLDs were found in them. Skipping unneeded JARs during scanning can improve startup time and JSP compilation time.
25-Mar-2020 15:26:50.536 INFO [main] org.apache.catalina.startup.HostConfig.deployDirectory Deployment of web application directory [/Users/admin/Documents/docs/labs/sem4/org/anngudin/lab1-pism/tomcat/webapps/docs] has finished in [156] ms
25-Mar-2020 15:26:50.536 INFO [main] org.apache.catalina.startup.HostConfig.deployDirectory Установка веб приложения в папку [/Users/admin/Documents/docs/labs/sem4/org/anngudin/lab1-pism/tomcat/webapps/manager]
25-Mar-2020 15:26:50.692 INFO [main] org.apache.jasper.servlet.TldScanner.scanJars At least one JAR was scanned for TLDs yet contained no TLDs. Enable debug logging for this logger for a complete list of JARs that were scanned but no TLDs were found in them. Skipping unneeded JARs during scanning can improve startup time and JSP compilation time.
25-Mar-2020 15:26:50.699 INFO [main] org.apache.catalina.startup.HostConfig.deployDirectory Deployment of web application directory [/Users/admin/Documents/docs/labs/sem4/org/anngudin/lab1-pism/tomcat/webapps/manager] has finished in [163] ms
25-Mar-2020 15:26:50.699 INFO [main] org.apache.catalina.startup.HostConfig.deployDirectory Установка веб приложения в папку [/Users/admin/Documents/docs/labs/sem4/org/anngudin/lab1-pism/tomcat/webapps/examples]
25-Mar-2020 15:26:50.966 INFO [main] org.apache.jasper.servlet.TldScanner.scanJars At least one JAR was scanned for TLDs yet contained no TLDs. Enable debug logging for this logger for a complete list of JARs that were scanned but no TLDs were found in them. Skipping unneeded JARs during scanning can improve startup time and JSP compilation time.
25-Mar-2020 15:26:50.985 INFO [main] org.apache.catalina.startup.HostConfig.deployDirectory Deployment of web application directory [/Users/admin/Documents/docs/labs/sem4/org/anngudin/lab1-pism/tomcat/webapps/examples] has finished in [286] ms
25-Mar-2020 15:26:50.985 INFO [main] org.apache.catalina.startup.HostConfig.deployDirectory Установка веб приложения в папку [/Users/admin/Documents/docs/labs/sem4/org/anngudin/lab1-pism/tomcat/webapps/ROOT]
25-Mar-2020 15:26:51.134 INFO [main] org.apache.jasper.servlet.TldScanner.scanJars At least one JAR was scanned for TLDs yet contained no TLDs. Enable debug logging for this logger for a complete list of JARs that were scanned but no TLDs were found in them. Skipping unneeded JARs during scanning can improve startup time and JSP compilation time.
25-Mar-2020 15:26:51.137 INFO [main] org.apache.catalina.startup.HostConfig.deployDirectory Deployment of web application directory [/Users/admin/Documents/docs/labs/sem4/org/anngudin/lab1-pism/tomcat/webapps/ROOT] has finished in [152] ms
25-Mar-2020 15:26:51.137 INFO [main] org.apache.catalina.startup.HostConfig.deployDirectory Установка веб приложения в папку [/Users/admin/Documents/docs/labs/sem4/org/anngudin/lab1-pism/tomcat/webapps/host-manager]
25-Mar-2020 15:26:51.486 INFO [main] org.apache.jasper.servlet.TldScanner.scanJars At least one JAR was scanned for TLDs yet contained no TLDs. Enable debug logging for this logger for a complete list of JARs that were scanned but no TLDs were found in them. Skipping unneeded JARs during scanning can improve startup time and JSP compilation time.
25-Mar-2020 15:26:51.489 INFO [main] org.apache.catalina.startup.HostConfig.deployDirectory Deployment of web application directory [/Users/admin/Documents/docs/labs/sem4/org/anngudin/lab1-pism/tomcat/webapps/host-manager] has finished in [352] ms
25-Mar-2020 15:26:51.494 INFO [main] org.apache.coyote.AbstractProtocol.start Starting ProtocolHandler ["http-nio-8080"]
25-Mar-2020 15:26:51.503 INFO [main] org.apache.coyote.AbstractProtocol.start Starting ProtocolHandler ["ajp-nio-8009"]
25-Mar-2020 15:26:51.508 INFO [main] org.apache.catalina.startup.Catalina.start Server startup in [2 112] milliseconds
25-Mar-2020 15:28:37.993 INFO [Thread-4] org.apache.coyote.AbstractProtocol.pause Pausing ProtocolHandler ["http-nio-8080"]
25-Mar-2020 15:28:38.000 INFO [Thread-4] org.apache.coyote.AbstractProtocol.pause Pausing ProtocolHandler ["ajp-nio-8009"]
25-Mar-2020 15:28:38.001 INFO [Thread-4] org.apache.catalina.core.StandardService.stopInternal Stopping service [Catalina]
25-Mar-2020 15:28:38.079 INFO [Thread-4] org.apache.coyote.AbstractProtocol.stop Stopping ProtocolHandler ["http-nio-8080"]
25-Mar-2020 15:28:38.082 INFO [Thread-4] org.apache.coyote.AbstractProtocol.stop Stopping ProtocolHandler ["ajp-nio-8009"]
25-Mar-2020 15:28:38.085 INFO [Thread-4] org.apache.coyote.AbstractProtocol.destroy Destroying ProtocolHandler ["http-nio-8080"]
25-Mar-2020 15:28:38.087 INFO [Thread-4] org.apache.coyote.AbstractProtocol.destroy Destroying ProtocolHandler ["ajp-nio-8009"]
25-Mar-2020 15:28:46.054 INFO [main] org.apache.catalina.startup.VersionLoggerListener.log Server version name:   Apache Tomcat/9.0.19
25-Mar-2020 15:28:46.057 INFO [main] org.apache.catalina.startup.VersionLoggerListener.log Server built:          Apr 12 2019 14:22:48 UTC
25-Mar-2020 15:28:46.057 INFO [main] org.apache.catalina.startup.VersionLoggerListener.log Server version number: 9.0.19.0
25-Mar-2020 15:28:46.058 INFO [main] org.apache.catalina.startup.VersionLoggerListener.log OS Name:               Mac OS X
25-Mar-2020 15:28:46.058 INFO [main] org.apache.catalina.startup.VersionLoggerListener.log OS Version:            10.14.6
25-Mar-2020 15:28:46.058 INFO [main] org.apache.catalina.startup.VersionLoggerListener.log Architecture:          x86_64
25-Mar-2020 15:28:46.058 INFO [main] org.apache.catalina.startup.VersionLoggerListener.log Java Home:             /Library/Java/JavaVirtualMachines/jdk-11.0.2.jdk/Contents/Home
25-Mar-2020 15:28:46.058 INFO [main] org.apache.catalina.startup.VersionLoggerListener.log JVM Version:           11.0.2+9-LTS
25-Mar-2020 15:28:46.058 INFO [main] org.apache.catalina.startup.VersionLoggerListener.log JVM Vendor:            Oracle Corporation
25-Mar-2020 15:28:46.058 INFO [main] org.apache.catalina.startup.VersionLoggerListener.log CATALINA_BASE:         /Users/admin/Documents/docs/labs/sem4/org/anngudin/lab1-pism/tomcat
25-Mar-2020 15:28:46.058 INFO [main] org.apache.catalina.startup.VersionLoggerListener.log CATALINA_HOME:         /Users/admin/Documents/docs/labs/sem4/org/anngudin/lab1-pism/tomcat
25-Mar-2020 15:28:46.061 INFO [main] org.apache.catalina.startup.VersionLoggerListener.log Command line argument: --add-opens=java.base/java.lang=ALL-UNNAMED
25-Mar-2020 15:28:46.061 INFO [main] org.apache.catalina.startup.VersionLoggerListener.log Command line argument: --add-opens=java.base/java.io=ALL-UNNAMED
25-Mar-2020 15:28:46.061 INFO [main] org.apache.catalina.startup.VersionLoggerListener.log Command line argument: --add-opens=java.rmi/sun.rmi.transport=ALL-UNNAMED
25-Mar-2020 15:28:46.062 INFO [main] org.apache.catalina.startup.VersionLoggerListener.log Command line argument: -Djava.util.logging.config.file=/Users/admin/Documents/docs/labs/sem4/org/anngudin/lab1-pism/tomcat/conf/logging.properties
25-Mar-2020 15:28:46.062 INFO [main] org.apache.catalina.startup.VersionLoggerListener.log Command line argument: -Djava.util.logging.manager=org.apache.juli.ClassLoaderLogManager
25-Mar-2020 15:28:46.062 INFO [main] org.apache.catalina.startup.VersionLoggerListener.log Command line argument: -Djdk.tls.ephemeralDHKeySize=2048
25-Mar-2020 15:28:46.067 INFO [main] org.apache.catalina.startup.VersionLoggerListener.log Command line argument: -Djava.protocol.handler.pkgs=org.apache.catalina.webresources
25-Mar-2020 15:28:46.067 INFO [main] org.apache.catalina.startup.VersionLoggerListener.log Command line argument: -Dorg.apache.catalina.security.SecurityListener.UMASK=0027
25-Mar-2020 15:28:46.067 INFO [main] org.apache.catalina.startup.VersionLoggerListener.log Command line argument: -Dignore.endorsed.dirs=
25-Mar-2020 15:28:46.068 INFO [main] org.apache.catalina.startup.VersionLoggerListener.log Command line argument: -Dcatalina.base=/Users/admin/Documents/docs/labs/sem4/org/anngudin/lab1-pism/tomcat
25-Mar-2020 15:28:46.068 INFO [main] org.apache.catalina.startup.VersionLoggerListener.log Command line argument: -Dcatalina.home=/Users/admin/Documents/docs/labs/sem4/org/anngudin/lab1-pism/tomcat
25-Mar-2020 15:28:46.068 INFO [main] org.apache.catalina.startup.VersionLoggerListener.log Command line argument: -Djava.io.tmpdir=/Users/admin/Documents/docs/labs/sem4/org/anngudin/lab1-pism/tomcat/temp
25-Mar-2020 15:28:46.068 INFO [main] org.apache.catalina.core.AprLifecycleListener.lifecycleEvent The APR based Apache Tomcat Native library which allows optimal performance in production environments was not found on the java.library.path: [/Users/admin/Library/Java/Extensions:/Library/Java/Extensions:/Network/Library/Java/Extensions:/System/Library/Java/Extensions:/usr/lib/java:.]
25-Mar-2020 15:28:46.114 INFO [main] org.apache.coyote.AbstractProtocol.init Initializing ProtocolHandler ["http-nio-8080"]
25-Mar-2020 15:28:46.147 INFO [main] org.apache.coyote.AbstractProtocol.init Initializing ProtocolHandler ["ajp-nio-8009"]
25-Mar-2020 15:28:46.152 INFO [main] org.apache.catalina.startup.Catalina.load Server initialization in [830] milliseconds
25-Mar-2020 15:28:46.208 INFO [main] org.apache.catalina.core.StandardService.startInternal Starting service [Catalina]
25-Mar-2020 15:28:46.208 INFO [main] org.apache.catalina.core.StandardEngine.startInternal Starting Servlet engine: [Apache Tomcat/9.0.19]
25-Mar-2020 15:28:46.214 INFO [main] org.apache.catalina.startup.HostConfig.deployDirectory Установка веб приложения в папку [/Users/admin/Documents/docs/labs/sem4/org/anngudin/lab1-pism/tomcat/webapps/lab6]
25-Mar-2020 15:28:47.147 INFO [main] org.apache.jasper.servlet.TldScanner.scanJars At least one JAR was scanned for TLDs yet contained no TLDs. Enable debug logging for this logger for a complete list of JARs that were scanned but no TLDs were found in them. Skipping unneeded JARs during scanning can improve startup time and JSP compilation time.
25-Mar-2020 15:28:47.191 INFO [main] org.apache.catalina.startup.HostConfig.deployDirectory Deployment of web application directory [/Users/admin/Documents/docs/labs/sem4/org/anngudin/lab1-pism/tomcat/webapps/lab6] has finished in [976] ms
25-Mar-2020 15:28:47.191 INFO [main] org.apache.catalina.startup.HostConfig.deployDirectory Установка веб приложения в папку [/Users/admin/Documents/docs/labs/sem4/org/anngudin/lab1-pism/tomcat/webapps/docs]
25-Mar-2020 15:28:47.343 INFO [main] org.apache.jasper.servlet.TldScanner.scanJars At least one JAR was scanned for TLDs yet contained no TLDs. Enable debug logging for this logger for a complete list of JARs that were scanned but no TLDs were found in them. Skipping unneeded JARs during scanning can improve startup time and JSP compilation time.
25-Mar-2020 15:28:47.346 INFO [main] org.apache.catalina.startup.HostConfig.deployDirectory Deployment of web application directory [/Users/admin/Documents/docs/labs/sem4/org/anngudin/lab1-pism/tomcat/webapps/docs] has finished in [154] ms
25-Mar-2020 15:28:47.346 INFO [main] org.apache.catalina.startup.HostConfig.deployDirectory Установка веб приложения в папку [/Users/admin/Documents/docs/labs/sem4/org/anngudin/lab1-pism/tomcat/webapps/manager]
25-Mar-2020 15:28:47.510 INFO [main] org.apache.jasper.servlet.TldScanner.scanJars At least one JAR was scanned for TLDs yet contained no TLDs. Enable debug logging for this logger for a complete list of JARs that were scanned but no TLDs were found in them. Skipping unneeded JARs during scanning can improve startup time and JSP compilation time.
25-Mar-2020 15:28:47.518 INFO [main] org.apache.catalina.startup.HostConfig.deployDirectory Deployment of web application directory [/Users/admin/Documents/docs/labs/sem4/org/anngudin/lab1-pism/tomcat/webapps/manager] has finished in [172] ms
25-Mar-2020 15:28:47.518 INFO [main] org.apache.catalina.startup.HostConfig.deployDirectory Установка веб приложения в папку [/Users/admin/Documents/docs/labs/sem4/org/anngudin/lab1-pism/tomcat/webapps/examples]
25-Mar-2020 15:28:48.181 INFO [main] org.apache.jasper.servlet.TldScanner.scanJars At least one JAR was scanned for TLDs yet contained no TLDs. Enable debug logging for this logger for a complete list of JARs that were scanned but no TLDs were found in them. Skipping unneeded JARs during scanning can improve startup time and JSP compilation time.
25-Mar-2020 15:28:48.198 INFO [main] org.apache.catalina.startup.HostConfig.deployDirectory Deployment of web application directory [/Users/admin/Documents/docs/labs/sem4/org/anngudin/lab1-pism/tomcat/webapps/examples] has finished in [680] ms
25-Mar-2020 15:28:48.198 INFO [main] org.apache.catalina.startup.HostConfig.deployDirectory Установка веб приложения в папку [/Users/admin/Documents/docs/labs/sem4/org/anngudin/lab1-pism/tomcat/webapps/ROOT]
25-Mar-2020 15:28:48.356 INFO [main] org.apache.jasper.servlet.TldScanner.scanJars At least one JAR was scanned for TLDs yet contained no TLDs. Enable debug logging for this logger for a complete list of JARs that were scanned but no TLDs were found in them. Skipping unneeded JARs during scanning can improve startup time and JSP compilation time.
25-Mar-2020 15:28:48.359 INFO [main] org.apache.catalina.startup.HostConfig.deployDirectory Deployment of web application directory [/Users/admin/Documents/docs/labs/sem4/org/anngudin/lab1-pism/tomcat/webapps/ROOT] has finished in [160] ms
25-Mar-2020 15:28:48.359 INFO [main] org.apache.catalina.startup.HostConfig.deployDirectory Установка веб приложения в папку [/Users/admin/Documents/docs/labs/sem4/org/anngudin/lab1-pism/tomcat/webapps/host-manager]
25-Mar-2020 15:28:48.495 INFO [main] org.apache.jasper.servlet.TldScanner.scanJars At least one JAR was scanned for TLDs yet contained no TLDs. Enable debug logging for this logger for a complete list of JARs that were scanned but no TLDs were found in them. Skipping unneeded JARs during scanning can improve startup time and JSP compilation time.
25-Mar-2020 15:28:48.497 INFO [main] org.apache.catalina.startup.HostConfig.deployDirectory Deployment of web application directory [/Users/admin/Documents/docs/labs/sem4/org/anngudin/lab1-pism/tomcat/webapps/host-manager] has finished in [138] ms
25-Mar-2020 15:28:48.503 INFO [main] org.apache.coyote.AbstractProtocol.start Starting ProtocolHandler ["http-nio-8080"]
25-Mar-2020 15:28:48.511 INFO [main] org.apache.coyote.AbstractProtocol.start Starting ProtocolHandler ["ajp-nio-8009"]
25-Mar-2020 15:28:48.514 INFO [main] org.apache.catalina.startup.Catalina.start Server startup in [2 362] milliseconds
25-Mar-2020 15:30:40.241 INFO [Thread-4] org.apache.coyote.AbstractProtocol.pause Pausing ProtocolHandler ["http-nio-8080"]
25-Mar-2020 15:30:40.246 INFO [Thread-4] org.apache.coyote.AbstractProtocol.pause Pausing ProtocolHandler ["ajp-nio-8009"]
25-Mar-2020 15:30:40.253 INFO [Thread-4] org.apache.catalina.core.StandardService.stopInternal Stopping service [Catalina]
25-Mar-2020 15:30:40.308 INFO [Thread-4] org.apache.coyote.AbstractProtocol.stop Stopping ProtocolHandler ["http-nio-8080"]
25-Mar-2020 15:30:40.310 INFO [Thread-4] org.apache.coyote.AbstractProtocol.stop Stopping ProtocolHandler ["ajp-nio-8009"]
25-Mar-2020 15:30:40.313 INFO [Thread-4] org.apache.coyote.AbstractProtocol.destroy Destroying ProtocolHandler ["http-nio-8080"]
25-Mar-2020 15:30:40.314 INFO [Thread-4] org.apache.coyote.AbstractProtocol.destroy Destroying ProtocolHandler ["ajp-nio-8009"]
25-Mar-2020 15:31:04.773 INFO [main] org.apache.catalina.startup.VersionLoggerListener.log Server version name:   Apache Tomcat/9.0.19
25-Mar-2020 15:31:04.776 INFO [main] org.apache.catalina.startup.VersionLoggerListener.log Server built:          Apr 12 2019 14:22:48 UTC
25-Mar-2020 15:31:04.777 INFO [main] org.apache.catalina.startup.VersionLoggerListener.log Server version number: 9.0.19.0
25-Mar-2020 15:31:04.777 INFO [main] org.apache.catalina.startup.VersionLoggerListener.log OS Name:               Mac OS X
25-Mar-2020 15:31:04.777 INFO [main] org.apache.catalina.startup.VersionLoggerListener.log OS Version:            10.14.6
25-Mar-2020 15:31:04.777 INFO [main] org.apache.catalina.startup.VersionLoggerListener.log Architecture:          x86_64
25-Mar-2020 15:31:04.777 INFO [main] org.apache.catalina.startup.VersionLoggerListener.log Java Home:             /Library/Java/JavaVirtualMachines/jdk-11.0.2.jdk/Contents/Home
25-Mar-2020 15:31:04.777 INFO [main] org.apache.catalina.startup.VersionLoggerListener.log JVM Version:           11.0.2+9-LTS
25-Mar-2020 15:31:04.777 INFO [main] org.apache.catalina.startup.VersionLoggerListener.log JVM Vendor:            Oracle Corporation
25-Mar-2020 15:31:04.778 INFO [main] org.apache.catalina.startup.VersionLoggerListener.log CATALINA_BASE:         /Users/admin/Documents/docs/labs/sem4/org/anngudin/lab1-pism/tomcat
25-Mar-2020 15:31:04.778 INFO [main] org.apache.catalina.startup.VersionLoggerListener.log CATALINA_HOME:         /Users/admin/Documents/docs/labs/sem4/org/anngudin/lab1-pism/tomcat
25-Mar-2020 15:31:04.781 INFO [main] org.apache.catalina.startup.VersionLoggerListener.log Command line argument: --add-opens=java.base/java.lang=ALL-UNNAMED
25-Mar-2020 15:31:04.782 INFO [main] org.apache.catalina.startup.VersionLoggerListener.log Command line argument: --add-opens=java.base/java.io=ALL-UNNAMED
25-Mar-2020 15:31:04.782 INFO [main] org.apache.catalina.startup.VersionLoggerListener.log Command line argument: --add-opens=java.rmi/sun.rmi.transport=ALL-UNNAMED
25-Mar-2020 15:31:04.782 INFO [main] org.apache.catalina.startup.VersionLoggerListener.log Command line argument: -Djava.util.logging.config.file=/Users/admin/Documents/docs/labs/sem4/org/anngudin/lab1-pism/tomcat/conf/logging.properties
25-Mar-2020 15:31:04.782 INFO [main] org.apache.catalina.startup.VersionLoggerListener.log Command line argument: -Djava.util.logging.manager=org.apache.juli.ClassLoaderLogManager
25-Mar-2020 15:31:04.786 INFO [main] org.apache.catalina.startup.VersionLoggerListener.log Command line argument: -Djdk.tls.ephemeralDHKeySize=2048
25-Mar-2020 15:31:04.786 INFO [main] org.apache.catalina.startup.VersionLoggerListener.log Command line argument: -Djava.protocol.handler.pkgs=org.apache.catalina.webresources
25-Mar-2020 15:31:04.786 INFO [main] org.apache.catalina.startup.VersionLoggerListener.log Command line argument: -Dorg.apache.catalina.security.SecurityListener.UMASK=0027
25-Mar-2020 15:31:04.786 INFO [main] org.apache.catalina.startup.VersionLoggerListener.log Command line argument: -Dignore.endorsed.dirs=
25-Mar-2020 15:31:04.787 INFO [main] org.apache.catalina.startup.VersionLoggerListener.log Command line argument: -Dcatalina.base=/Users/admin/Documents/docs/labs/sem4/org/anngudin/lab1-pism/tomcat
25-Mar-2020 15:31:04.787 INFO [main] org.apache.catalina.startup.VersionLoggerListener.log Command line argument: -Dcatalina.home=/Users/admin/Documents/docs/labs/sem4/org/anngudin/lab1-pism/tomcat
25-Mar-2020 15:31:04.787 INFO [main] org.apache.catalina.startup.VersionLoggerListener.log Command line argument: -Djava.io.tmpdir=/Users/admin/Documents/docs/labs/sem4/org/anngudin/lab1-pism/tomcat/temp
25-Mar-2020 15:31:04.787 INFO [main] org.apache.catalina.core.AprLifecycleListener.lifecycleEvent The APR based Apache Tomcat Native library which allows optimal performance in production environments was not found on the java.library.path: [/Users/admin/Library/Java/Extensions:/Library/Java/Extensions:/Network/Library/Java/Extensions:/System/Library/Java/Extensions:/usr/lib/java:.]
25-Mar-2020 15:31:04.837 INFO [main] org.apache.coyote.AbstractProtocol.init Initializing ProtocolHandler ["http-nio-8080"]
25-Mar-2020 15:31:04.874 INFO [main] org.apache.coyote.AbstractProtocol.init Initializing ProtocolHandler ["ajp-nio-8009"]
25-Mar-2020 15:31:04.878 INFO [main] org.apache.catalina.startup.Catalina.load Server initialization in [514] milliseconds
25-Mar-2020 15:31:04.935 INFO [main] org.apache.catalina.core.StandardService.startInternal Starting service [Catalina]
25-Mar-2020 15:31:04.936 INFO [main] org.apache.catalina.core.StandardEngine.startInternal Starting Servlet engine: [Apache Tomcat/9.0.19]
25-Mar-2020 15:31:04.942 INFO [main] org.apache.catalina.startup.HostConfig.deployDirectory Установка веб приложения в папку [/Users/admin/Documents/docs/labs/sem4/org/anngudin/lab1-pism/tomcat/webapps/lab6]
25-Mar-2020 15:31:05.838 INFO [main] org.apache.jasper.servlet.TldScanner.scanJars At least one JAR was scanned for TLDs yet contained no TLDs. Enable debug logging for this logger for a complete list of JARs that were scanned but no TLDs were found in them. Skipping unneeded JARs during scanning can improve startup time and JSP compilation time.
25-Mar-2020 15:31:05.883 INFO [main] org.apache.catalina.startup.HostConfig.deployDirectory Deployment of web application directory [/Users/admin/Documents/docs/labs/sem4/org/anngudin/lab1-pism/tomcat/webapps/lab6] has finished in [940] ms
25-Mar-2020 15:31:05.883 INFO [main] org.apache.catalina.startup.HostConfig.deployDirectory Установка веб приложения в папку [/Users/admin/Documents/docs/labs/sem4/org/anngudin/lab1-pism/tomcat/webapps/docs]
25-Mar-2020 15:31:06.033 INFO [main] org.apache.jasper.servlet.TldScanner.scanJars At least one JAR was scanned for TLDs yet contained no TLDs. Enable debug logging for this logger for a complete list of JARs that were scanned but no TLDs were found in them. Skipping unneeded JARs during scanning can improve startup time and JSP compilation time.
25-Mar-2020 15:31:06.035 INFO [main] org.apache.catalina.startup.HostConfig.deployDirectory Deployment of web application directory [/Users/admin/Documents/docs/labs/sem4/org/anngudin/lab1-pism/tomcat/webapps/docs] has finished in [152] ms
25-Mar-2020 15:31:06.036 INFO [main] org.apache.catalina.startup.HostConfig.deployDirectory Установка веб приложения в папку [/Users/admin/Documents/docs/labs/sem4/org/anngudin/lab1-pism/tomcat/webapps/manager]
25-Mar-2020 15:31:06.187 INFO [main] org.apache.jasper.servlet.TldScanner.scanJars At least one JAR was scanned for TLDs yet contained no TLDs. Enable debug logging for this logger for a complete list of JARs that were scanned but no TLDs were found in them. Skipping unneeded JARs during scanning can improve startup time and JSP compilation time.
25-Mar-2020 15:31:06.192 INFO [main] org.apache.catalina.startup.HostConfig.deployDirectory Deployment of web application directory [/Users/admin/Documents/docs/labs/sem4/org/anngudin/lab1-pism/tomcat/webapps/manager] has finished in [156] ms
25-Mar-2020 15:31:06.192 INFO [main] org.apache.catalina.startup.HostConfig.deployDirectory Установка веб приложения в папку [/Users/admin/Documents/docs/labs/sem4/org/anngudin/lab1-pism/tomcat/webapps/examples]
25-Mar-2020 15:31:06.438 INFO [main] org.apache.jasper.servlet.TldScanner.scanJars At least one JAR was scanned for TLDs yet contained no TLDs. Enable debug logging for this logger for a complete list of JARs that were scanned but no TLDs were found in them. Skipping unneeded JARs during scanning can improve startup time and JSP compilation time.
25-Mar-2020 15:31:06.453 INFO [main] org.apache.catalina.startup.HostConfig.deployDirectory Deployment of web application directory [/Users/admin/Documents/docs/labs/sem4/org/anngudin/lab1-pism/tomcat/webapps/examples] has finished in [261] ms
25-Mar-2020 15:31:06.453 INFO [main] org.apache.catalina.startup.HostConfig.deployDirectory Установка веб приложения в папку [/Users/admin/Documents/docs/labs/sem4/org/anngudin/lab1-pism/tomcat/webapps/ROOT]
25-Mar-2020 15:31:06.612 INFO [main] org.apache.jasper.servlet.TldScanner.scanJars At least one JAR was scanned for TLDs yet contained no TLDs. Enable debug logging for this logger for a complete list of JARs that were scanned but no TLDs were found in them. Skipping unneeded JARs during scanning can improve startup time and JSP compilation time.
25-Mar-2020 15:31:06.615 INFO [main] org.apache.catalina.startup.HostConfig.deployDirectory Deployment of web application directory [/Users/admin/Documents/docs/labs/sem4/org/anngudin/lab1-pism/tomcat/webapps/ROOT] has finished in [162] ms
25-Mar-2020 15:31:06.615 INFO [main] org.apache.catalina.startup.HostConfig.deployDirectory Установка веб приложения в папку [/Users/admin/Documents/docs/labs/sem4/org/anngudin/lab1-pism/tomcat/webapps/host-manager]
25-Mar-2020 15:31:06.773 INFO [main] org.apache.jasper.servlet.TldScanner.scanJars At least one JAR was scanned for TLDs yet contained no TLDs. Enable debug logging for this logger for a complete list of JARs that were scanned but no TLDs were found in them. Skipping unneeded JARs during scanning can improve startup time and JSP compilation time.
25-Mar-2020 15:31:06.775 INFO [main] org.apache.catalina.startup.HostConfig.deployDirectory Deployment of web application directory [/Users/admin/Documents/docs/labs/sem4/org/anngudin/lab1-pism/tomcat/webapps/host-manager] has finished in [160] ms
25-Mar-2020 15:31:06.780 INFO [main] org.apache.coyote.AbstractProtocol.start Starting ProtocolHandler ["http-nio-8080"]
25-Mar-2020 15:31:06.786 INFO [main] org.apache.coyote.AbstractProtocol.start Starting ProtocolHandler ["ajp-nio-8009"]
25-Mar-2020 15:31:06.791 INFO [main] org.apache.catalina.startup.Catalina.start Server startup in [1 912] milliseconds
25-Mar-2020 15:32:33.127 INFO [Thread-4] org.apache.coyote.AbstractProtocol.pause Pausing ProtocolHandler ["http-nio-8080"]
25-Mar-2020 15:32:33.132 INFO [Thread-4] org.apache.coyote.AbstractProtocol.pause Pausing ProtocolHandler ["ajp-nio-8009"]
25-Mar-2020 15:32:33.139 INFO [Thread-4] org.apache.catalina.core.StandardService.stopInternal Stopping service [Catalina]
25-Mar-2020 15:32:33.195 INFO [Thread-4] org.apache.coyote.AbstractProtocol.stop Stopping ProtocolHandler ["http-nio-8080"]
25-Mar-2020 15:32:33.198 INFO [Thread-4] org.apache.coyote.AbstractProtocol.stop Stopping ProtocolHandler ["ajp-nio-8009"]
25-Mar-2020 15:32:33.200 INFO [Thread-4] org.apache.coyote.AbstractProtocol.destroy Destroying ProtocolHandler ["http-nio-8080"]
25-Mar-2020 15:32:33.201 INFO [Thread-4] org.apache.coyote.AbstractProtocol.destroy Destroying ProtocolHandler ["ajp-nio-8009"]
25-Mar-2020 15:33:52.140 INFO [main] org.apache.catalina.startup.VersionLoggerListener.log Server version name:   Apache Tomcat/9.0.19
25-Mar-2020 15:33:52.144 INFO [main] org.apache.catalina.startup.VersionLoggerListener.log Server built:          Apr 12 2019 14:22:48 UTC
25-Mar-2020 15:33:52.144 INFO [main] org.apache.catalina.startup.VersionLoggerListener.log Server version number: 9.0.19.0
25-Mar-2020 15:33:52.144 INFO [main] org.apache.catalina.startup.VersionLoggerListener.log OS Name:               Mac OS X
25-Mar-2020 15:33:52.144 INFO [main] org.apache.catalina.startup.VersionLoggerListener.log OS Version:            10.14.6
25-Mar-2020 15:33:52.145 INFO [main] org.apache.catalina.startup.VersionLoggerListener.log Architecture:          x86_64
25-Mar-2020 15:33:52.145 INFO [main] org.apache.catalina.startup.VersionLoggerListener.log Java Home:             /Library/Java/JavaVirtualMachines/jdk-11.0.2.jdk/Contents/Home
25-Mar-2020 15:33:52.145 INFO [main] org.apache.catalina.startup.VersionLoggerListener.log JVM Version:           11.0.2+9-LTS
25-Mar-2020 15:33:52.145 INFO [main] org.apache.catalina.startup.VersionLoggerListener.log JVM Vendor:            Oracle Corporation
25-Mar-2020 15:33:52.145 INFO [main] org.apache.catalina.startup.VersionLoggerListener.log CATALINA_BASE:         /Users/admin/Documents/docs/labs/sem4/org/anngudin/lab1-pism/tomcat
25-Mar-2020 15:33:52.145 INFO [main] org.apache.catalina.startup.VersionLoggerListener.log CATALINA_HOME:         /Users/admin/Documents/docs/labs/sem4/org/anngudin/lab1-pism/tomcat
25-Mar-2020 15:33:52.148 INFO [main] org.apache.catalina.startup.VersionLoggerListener.log Command line argument: --add-opens=java.base/java.lang=ALL-UNNAMED
25-Mar-2020 15:33:52.148 INFO [main] org.apache.catalina.startup.VersionLoggerListener.log Command line argument: --add-opens=java.base/java.io=ALL-UNNAMED
25-Mar-2020 15:33:52.148 INFO [main] org.apache.catalina.startup.VersionLoggerListener.log Command line argument: --add-opens=java.rmi/sun.rmi.transport=ALL-UNNAMED
25-Mar-2020 15:33:52.149 INFO [main] org.apache.catalina.startup.VersionLoggerListener.log Command line argument: -Djava.util.logging.config.file=/Users/admin/Documents/docs/labs/sem4/org/anngudin/lab1-pism/tomcat/conf/logging.properties
25-Mar-2020 15:33:52.149 INFO [main] org.apache.catalina.startup.VersionLoggerListener.log Command line argument: -Djava.util.logging.manager=org.apache.juli.ClassLoaderLogManager
25-Mar-2020 15:33:52.149 INFO [main] org.apache.catalina.startup.VersionLoggerListener.log Command line argument: -Djdk.tls.ephemeralDHKeySize=2048
25-Mar-2020 15:33:52.155 INFO [main] org.apache.catalina.startup.VersionLoggerListener.log Command line argument: -Djava.protocol.handler.pkgs=org.apache.catalina.webresources
25-Mar-2020 15:33:52.155 INFO [main] org.apache.catalina.startup.VersionLoggerListener.log Command line argument: -Dorg.apache.catalina.security.SecurityListener.UMASK=0027
25-Mar-2020 15:33:52.155 INFO [main] org.apache.catalina.startup.VersionLoggerListener.log Command line argument: -Dignore.endorsed.dirs=
25-Mar-2020 15:33:52.155 INFO [main] org.apache.catalina.startup.VersionLoggerListener.log Command line argument: -Dcatalina.base=/Users/admin/Documents/docs/labs/sem4/org/anngudin/lab1-pism/tomcat
25-Mar-2020 15:33:52.155 INFO [main] org.apache.catalina.startup.VersionLoggerListener.log Command line argument: -Dcatalina.home=/Users/admin/Documents/docs/labs/sem4/org/anngudin/lab1-pism/tomcat
25-Mar-2020 15:33:52.156 INFO [main] org.apache.catalina.startup.VersionLoggerListener.log Command line argument: -Djava.io.tmpdir=/Users/admin/Documents/docs/labs/sem4/org/anngudin/lab1-pism/tomcat/temp
25-Mar-2020 15:33:52.156 INFO [main] org.apache.catalina.core.AprLifecycleListener.lifecycleEvent The APR based Apache Tomcat Native library which allows optimal performance in production environments was not found on the java.library.path: [/Users/admin/Library/Java/Extensions:/Library/Java/Extensions:/Network/Library/Java/Extensions:/System/Library/Java/Extensions:/usr/lib/java:.]
25-Mar-2020 15:33:52.200 INFO [main] org.apache.coyote.AbstractProtocol.init Initializing ProtocolHandler ["http-nio-8080"]
25-Mar-2020 15:33:52.234 INFO [main] org.apache.coyote.AbstractProtocol.init Initializing ProtocolHandler ["ajp-nio-8009"]
25-Mar-2020 15:33:52.239 INFO [main] org.apache.catalina.startup.Catalina.load Server initialization in [738] milliseconds
25-Mar-2020 15:33:52.292 INFO [main] org.apache.catalina.core.StandardService.startInternal Starting service [Catalina]
25-Mar-2020 15:33:52.293 INFO [main] org.apache.catalina.core.StandardEngine.startInternal Starting Servlet engine: [Apache Tomcat/9.0.19]
25-Mar-2020 15:33:52.300 INFO [main] org.apache.catalina.startup.HostConfig.deployDirectory Установка веб приложения в папку [/Users/admin/Documents/docs/labs/sem4/org/anngudin/lab1-pism/tomcat/webapps/lab6]
25-Mar-2020 15:33:53.169 INFO [main] org.apache.jasper.servlet.TldScanner.scanJars At least one JAR was scanned for TLDs yet contained no TLDs. Enable debug logging for this logger for a complete list of JARs that were scanned but no TLDs were found in them. Skipping unneeded JARs during scanning can improve startup time and JSP compilation time.
25-Mar-2020 15:33:53.222 INFO [main] org.apache.catalina.startup.HostConfig.deployDirectory Deployment of web application directory [/Users/admin/Documents/docs/labs/sem4/org/anngudin/lab1-pism/tomcat/webapps/lab6] has finished in [922] ms
25-Mar-2020 15:33:53.222 INFO [main] org.apache.catalina.startup.HostConfig.deployDirectory Установка веб приложения в папку [/Users/admin/Documents/docs/labs/sem4/org/anngudin/lab1-pism/tomcat/webapps/docs]
25-Mar-2020 15:33:53.373 INFO [main] org.apache.jasper.servlet.TldScanner.scanJars At least one JAR was scanned for TLDs yet contained no TLDs. Enable debug logging for this logger for a complete list of JARs that were scanned but no TLDs were found in them. Skipping unneeded JARs during scanning can improve startup time and JSP compilation time.
25-Mar-2020 15:33:53.376 INFO [main] org.apache.catalina.startup.HostConfig.deployDirectory Deployment of web application directory [/Users/admin/Documents/docs/labs/sem4/org/anngudin/lab1-pism/tomcat/webapps/docs] has finished in [154] ms
25-Mar-2020 15:33:53.377 INFO [main] org.apache.catalina.startup.HostConfig.deployDirectory Установка веб приложения в папку [/Users/admin/Documents/docs/labs/sem4/org/anngudin/lab1-pism/tomcat/webapps/manager]
25-Mar-2020 15:33:53.524 INFO [main] org.apache.jasper.servlet.TldScanner.scanJars At least one JAR was scanned for TLDs yet contained no TLDs. Enable debug logging for this logger for a complete list of JARs that were scanned but no TLDs were found in them. Skipping unneeded JARs during scanning can improve startup time and JSP compilation time.
25-Mar-2020 15:33:53.529 INFO [main] org.apache.catalina.startup.HostConfig.deployDirectory Deployment of web application directory [/Users/admin/Documents/docs/labs/sem4/org/anngudin/lab1-pism/tomcat/webapps/manager] has finished in [153] ms
25-Mar-2020 15:33:53.530 INFO [main] org.apache.catalina.startup.HostConfig.deployDirectory Установка веб приложения в папку [/Users/admin/Documents/docs/labs/sem4/org/anngudin/lab1-pism/tomcat/webapps/examples]
25-Mar-2020 15:33:54.055 INFO [main] org.apache.jasper.servlet.TldScanner.scanJars At least one JAR was scanned for TLDs yet contained no TLDs. Enable debug logging for this logger for a complete list of JARs that were scanned but no TLDs were found in them. Skipping unneeded JARs during scanning can improve startup time and JSP compilation time.
25-Mar-2020 15:33:54.069 INFO [main] org.apache.catalina.startup.HostConfig.deployDirectory Deployment of web application directory [/Users/admin/Documents/docs/labs/sem4/org/anngudin/lab1-pism/tomcat/webapps/examples] has finished in [540] ms
25-Mar-2020 15:33:54.070 INFO [main] org.apache.catalina.startup.HostConfig.deployDirectory Установка веб приложения в папку [/Users/admin/Documents/docs/labs/sem4/org/anngudin/lab1-pism/tomcat/webapps/ROOT]
25-Mar-2020 15:33:54.233 INFO [main] org.apache.jasper.servlet.TldScanner.scanJars At least one JAR was scanned for TLDs yet contained no TLDs. Enable debug logging for this logger for a complete list of JARs that were scanned but no TLDs were found in them. Skipping unneeded JARs during scanning can improve startup time and JSP compilation time.
25-Mar-2020 15:33:54.235 INFO [main] org.apache.catalina.startup.HostConfig.deployDirectory Deployment of web application directory [/Users/admin/Documents/docs/labs/sem4/org/anngudin/lab1-pism/tomcat/webapps/ROOT] has finished in [165] ms
25-Mar-2020 15:33:54.236 INFO [main] org.apache.catalina.startup.HostConfig.deployDirectory Установка веб приложения в папку [/Users/admin/Documents/docs/labs/sem4/org/anngudin/lab1-pism/tomcat/webapps/host-manager]
25-Mar-2020 15:33:54.363 INFO [main] org.apache.jasper.servlet.TldScanner.scanJars At least one JAR was scanned for TLDs yet contained no TLDs. Enable debug logging for this logger for a complete list of JARs that were scanned but no TLDs were found in them. Skipping unneeded JARs during scanning can improve startup time and JSP compilation time.
25-Mar-2020 15:33:54.365 INFO [main] org.apache.catalina.startup.HostConfig.deployDirectory Deployment of web application directory [/Users/admin/Documents/docs/labs/sem4/org/anngudin/lab1-pism/tomcat/webapps/host-manager] has finished in [129] ms
25-Mar-2020 15:33:54.371 INFO [main] org.apache.coyote.AbstractProtocol.start Starting ProtocolHandler ["http-nio-8080"]
25-Mar-2020 15:33:54.381 INFO [main] org.apache.coyote.AbstractProtocol.start Starting ProtocolHandler ["ajp-nio-8009"]
25-Mar-2020 15:33:54.384 INFO [main] org.apache.catalina.startup.Catalina.start Server startup in [2 144] milliseconds
25-Mar-2020 15:34:34.088 INFO [Thread-4] org.apache.coyote.AbstractProtocol.pause Pausing ProtocolHandler ["http-nio-8080"]
25-Mar-2020 15:34:34.093 INFO [Thread-4] org.apache.coyote.AbstractProtocol.pause Pausing ProtocolHandler ["ajp-nio-8009"]
25-Mar-2020 15:34:34.100 INFO [Thread-4] org.apache.catalina.core.StandardService.stopInternal Stopping service [Catalina]
25-Mar-2020 15:34:34.159 INFO [Thread-4] org.apache.coyote.AbstractProtocol.stop Stopping ProtocolHandler ["http-nio-8080"]
25-Mar-2020 15:34:34.162 INFO [Thread-4] org.apache.coyote.AbstractProtocol.stop Stopping ProtocolHandler ["ajp-nio-8009"]
25-Mar-2020 15:34:34.165 INFO [Thread-4] org.apache.coyote.AbstractProtocol.destroy Destroying ProtocolHandler ["http-nio-8080"]
25-Mar-2020 15:34:34.165 INFO [Thread-4] org.apache.coyote.AbstractProtocol.destroy Destroying ProtocolHandler ["ajp-nio-8009"]
